<?xml version="1.0" encoding="UTF-8"?>
<testsuite xmlns:xsi="http://www.w3.org/2001/XMLSchema-instance" xsi:noNamespaceSchemaLocation="https://maven.apache.org/surefire/maven-surefire-plugin/xsd/surefire-test-report-3.0.xsd" version="3.0" name="com.senac.n1.exercicio.ExercicioApplicationTests" time="8.528" tests="1" errors="0" skipped="0" failures="0">
  <properties>
    <property name="java.specification.version" value="22"/>
    <property name="sun.cpu.isalist" value="amd64"/>
    <property name="sun.jnu.encoding" value="Cp1252"/>
    <property name="java.class.path" value="C:\Users\Aluno\Downloads\Atividade-Web-Service-main\exercicio\target\test-classes;C:\Users\Aluno\Downloads\Atividade-Web-Service-main\exercicio\target\classes;C:\Users\Aluno\.m2\repository\org\springdoc\springdoc-openapi-starter-webmvc-ui\2.6.0\springdoc-openapi-starter-webmvc-ui-2.6.0.jar;C:\Users\Aluno\.m2\repository\org\springdoc\springdoc-openapi-starter-webmvc-api\2.6.0\springdoc-openapi-starter-webmvc-api-2.6.0.jar;C:\Users\Aluno\.m2\repository\org\springdoc\springdoc-openapi-starter-common\2.6.0\springdoc-openapi-starter-common-2.6.0.jar;C:\Users\Aluno\.m2\repository\io\swagger\core\v3\swagger-core-jakarta\2.2.22\swagger-core-jakarta-2.2.22.jar;C:\Users\Aluno\.m2\repository\org\apache\commons\commons-lang3\3.14.0\commons-lang3-3.14.0.jar;C:\Users\Aluno\.m2\repository\io\swagger\core\v3\swagger-annotations-jakarta\2.2.22\swagger-annotations-jakarta-2.2.22.jar;C:\Users\Aluno\.m2\repository\io\swagger\core\v3\swagger-models-jakarta\2.2.22\swagger-models-jakarta-2.2.22.jar;C:\Users\Aluno\.m2\repository\jakarta\validation\jakarta.validation-api\3.0.2\jakarta.validation-api-3.0.2.jar;C:\Users\Aluno\.m2\repository\com\fasterxml\jackson\dataformat\jackson-dataformat-yaml\2.17.2\jackson-dataformat-yaml-2.17.2.jar;C:\Users\Aluno\.m2\repository\org\webjars\swagger-ui\5.17.14\swagger-ui-5.17.14.jar;C:\Users\Aluno\.m2\repository\org\springframework\boot\spring-boot-starter-data-jpa\3.3.4\spring-boot-starter-data-jpa-3.3.4.jar;C:\Users\Aluno\.m2\repository\org\springframework\boot\spring-boot-starter-aop\3.3.4\spring-boot-starter-aop-3.3.4.jar;C:\Users\Aluno\.m2\repository\org\springframework\spring-aop\6.1.13\spring-aop-6.1.13.jar;C:\Users\Aluno\.m2\repository\org\aspectj\aspectjweaver\1.9.22.1\aspectjweaver-1.9.22.1.jar;C:\Users\Aluno\.m2\repository\org\springframework\boot\spring-boot-starter-jdbc\3.3.4\spring-boot-starter-jdbc-3.3.4.jar;C:\Users\Aluno\.m2\repository\com\zaxxer\HikariCP\5.1.0\HikariCP-5.1.0.jar;C:\Users\Aluno\.m2\repository\org\springframework\spring-jdbc\6.1.13\spring-jdbc-6.1.13.jar;C:\Users\Aluno\.m2\repository\org\hibernate\orm\hibernate-core\6.5.3.Final\hibernate-core-6.5.3.Final.jar;C:\Users\Aluno\.m2\repository\jakarta\persistence\jakarta.persistence-api\3.1.0\jakarta.persistence-api-3.1.0.jar;C:\Users\Aluno\.m2\repository\jakarta\transaction\jakarta.transaction-api\2.0.1\jakarta.transaction-api-2.0.1.jar;C:\Users\Aluno\.m2\repository\org\jboss\logging\jboss-logging\3.5.3.Final\jboss-logging-3.5.3.Final.jar;C:\Users\Aluno\.m2\repository\org\hibernate\common\hibernate-commons-annotations\6.0.6.Final\hibernate-commons-annotations-6.0.6.Final.jar;C:\Users\Aluno\.m2\repository\io\smallrye\jandex\3.1.2\jandex-3.1.2.jar;C:\Users\Aluno\.m2\repository\com\fasterxml\classmate\1.7.0\classmate-1.7.0.jar;C:\Users\Aluno\.m2\repository\net\bytebuddy\byte-buddy\1.14.19\byte-buddy-1.14.19.jar;C:\Users\Aluno\.m2\repository\org\glassfish\jaxb\jaxb-runtime\4.0.5\jaxb-runtime-4.0.5.jar;C:\Users\Aluno\.m2\repository\org\glassfish\jaxb\jaxb-core\4.0.5\jaxb-core-4.0.5.jar;C:\Users\Aluno\.m2\repository\org\glassfish\jaxb\txw2\4.0.5\txw2-4.0.5.jar;C:\Users\Aluno\.m2\repository\com\sun\istack\istack-commons-runtime\4.1.2\istack-commons-runtime-4.1.2.jar;C:\Users\Aluno\.m2\repository\jakarta\inject\jakarta.inject-api\2.0.1\jakarta.inject-api-2.0.1.jar;C:\Users\Aluno\.m2\repository\org\antlr\antlr4-runtime\4.13.0\antlr4-runtime-4.13.0.jar;C:\Users\Aluno\.m2\repository\org\springframework\data\spring-data-jpa\3.3.4\spring-data-jpa-3.3.4.jar;C:\Users\Aluno\.m2\repository\org\springframework\data\spring-data-commons\3.3.4\spring-data-commons-3.3.4.jar;C:\Users\Aluno\.m2\repository\org\springframework\spring-orm\6.1.13\spring-orm-6.1.13.jar;C:\Users\Aluno\.m2\repository\org\springframework\spring-context\6.1.13\spring-context-6.1.13.jar;C:\Users\Aluno\.m2\repository\org\springframework\spring-tx\6.1.13\spring-tx-6.1.13.jar;C:\Users\Aluno\.m2\repository\org\springframework\spring-beans\6.1.13\spring-beans-6.1.13.jar;C:\Users\Aluno\.m2\repository\jakarta\annotation\jakarta.annotation-api\2.1.1\jakarta.annotation-api-2.1.1.jar;C:\Users\Aluno\.m2\repository\org\slf4j\slf4j-api\2.0.16\slf4j-api-2.0.16.jar;C:\Users\Aluno\.m2\repository\org\springframework\spring-aspects\6.1.13\spring-aspects-6.1.13.jar;C:\Users\Aluno\.m2\repository\org\springframework\boot\spring-boot-starter-web\3.3.4\spring-boot-starter-web-3.3.4.jar;C:\Users\Aluno\.m2\repository\org\springframework\boot\spring-boot-starter\3.3.4\spring-boot-starter-3.3.4.jar;C:\Users\Aluno\.m2\repository\org\springframework\boot\spring-boot-starter-logging\3.3.4\spring-boot-starter-logging-3.3.4.jar;C:\Users\Aluno\.m2\repository\ch\qos\logback\logback-classic\1.5.8\logback-classic-1.5.8.jar;C:\Users\Aluno\.m2\repository\ch\qos\logback\logback-core\1.5.8\logback-core-1.5.8.jar;C:\Users\Aluno\.m2\repository\org\apache\logging\log4j\log4j-to-slf4j\2.23.1\log4j-to-slf4j-2.23.1.jar;C:\Users\Aluno\.m2\repository\org\apache\logging\log4j\log4j-api\2.23.1\log4j-api-2.23.1.jar;C:\Users\Aluno\.m2\repository\org\slf4j\jul-to-slf4j\2.0.16\jul-to-slf4j-2.0.16.jar;C:\Users\Aluno\.m2\repository\org\yaml\snakeyaml\2.2\snakeyaml-2.2.jar;C:\Users\Aluno\.m2\repository\org\springframework\boot\spring-boot-starter-json\3.3.4\spring-boot-starter-json-3.3.4.jar;C:\Users\Aluno\.m2\repository\com\fasterxml\jackson\core\jackson-databind\2.17.2\jackson-databind-2.17.2.jar;C:\Users\Aluno\.m2\repository\com\fasterxml\jackson\core\jackson-annotations\2.17.2\jackson-annotations-2.17.2.jar;C:\Users\Aluno\.m2\repository\com\fasterxml\jackson\core\jackson-core\2.17.2\jackson-core-2.17.2.jar;C:\Users\Aluno\.m2\repository\com\fasterxml\jackson\datatype\jackson-datatype-jdk8\2.17.2\jackson-datatype-jdk8-2.17.2.jar;C:\Users\Aluno\.m2\repository\com\fasterxml\jackson\datatype\jackson-datatype-jsr310\2.17.2\jackson-datatype-jsr310-2.17.2.jar;C:\Users\Aluno\.m2\repository\com\fasterxml\jackson\module\jackson-module-parameter-names\2.17.2\jackson-module-parameter-names-2.17.2.jar;C:\Users\Aluno\.m2\repository\org\springframework\boot\spring-boot-starter-tomcat\3.3.4\spring-boot-starter-tomcat-3.3.4.jar;C:\Users\Aluno\.m2\repository\org\apache\tomcat\embed\tomcat-embed-core\10.1.30\tomcat-embed-core-10.1.30.jar;C:\Users\Aluno\.m2\repository\org\apache\tomcat\embed\tomcat-embed-el\10.1.30\tomcat-embed-el-10.1.30.jar;C:\Users\Aluno\.m2\repository\org\apache\tomcat\embed\tomcat-embed-websocket\10.1.30\tomcat-embed-websocket-10.1.30.jar;C:\Users\Aluno\.m2\repository\org\springframework\spring-web\6.1.13\spring-web-6.1.13.jar;C:\Users\Aluno\.m2\repository\io\micrometer\micrometer-observation\1.13.4\micrometer-observation-1.13.4.jar;C:\Users\Aluno\.m2\repository\io\micrometer\micrometer-commons\1.13.4\micrometer-commons-1.13.4.jar;C:\Users\Aluno\.m2\repository\org\springframework\spring-webmvc\6.1.13\spring-webmvc-6.1.13.jar;C:\Users\Aluno\.m2\repository\org\springframework\spring-expression\6.1.13\spring-expression-6.1.13.jar;C:\Users\Aluno\.m2\repository\org\springframework\boot\spring-boot-starter-web-services\3.3.4\spring-boot-starter-web-services-3.3.4.jar;C:\Users\Aluno\.m2\repository\com\sun\xml\messaging\saaj\saaj-impl\3.0.4\saaj-impl-3.0.4.jar;C:\Users\Aluno\.m2\repository\jakarta\xml\soap\jakarta.xml.soap-api\3.0.2\jakarta.xml.soap-api-3.0.2.jar;C:\Users\Aluno\.m2\repository\org\jvnet\staxex\stax-ex\2.1.0\stax-ex-2.1.0.jar;C:\Users\Aluno\.m2\repository\jakarta\activation\jakarta.activation-api\2.1.3\jakarta.activation-api-2.1.3.jar;C:\Users\Aluno\.m2\repository\org\eclipse\angus\angus-activation\2.0.2\angus-activation-2.0.2.jar;C:\Users\Aluno\.m2\repository\jakarta\xml\ws\jakarta.xml.ws-api\4.0.2\jakarta.xml.ws-api-4.0.2.jar;C:\Users\Aluno\.m2\repository\org\springframework\spring-oxm\6.1.13\spring-oxm-6.1.13.jar;C:\Users\Aluno\.m2\repository\org\springframework\ws\spring-ws-core\4.0.11\spring-ws-core-4.0.11.jar;C:\Users\Aluno\.m2\repository\org\springframework\ws\spring-xml\4.0.11\spring-xml-4.0.11.jar;C:\Users\Aluno\.m2\repository\org\springframework\boot\spring-boot-devtools\3.3.4\spring-boot-devtools-3.3.4.jar;C:\Users\Aluno\.m2\repository\org\springframework\boot\spring-boot\3.3.4\spring-boot-3.3.4.jar;C:\Users\Aluno\.m2\repository\org\springframework\boot\spring-boot-autoconfigure\3.3.4\spring-boot-autoconfigure-3.3.4.jar;C:\Users\Aluno\.m2\repository\org\postgresql\postgresql\42.7.4\postgresql-42.7.4.jar;C:\Users\Aluno\.m2\repository\org\checkerframework\checker-qual\3.42.0\checker-qual-3.42.0.jar;C:\Users\Aluno\.m2\repository\org\projectlombok\lombok\1.18.34\lombok-1.18.34.jar;C:\Users\Aluno\.m2\repository\org\springframework\boot\spring-boot-starter-test\3.3.4\spring-boot-starter-test-3.3.4.jar;C:\Users\Aluno\.m2\repository\org\springframework\boot\spring-boot-test\3.3.4\spring-boot-test-3.3.4.jar;C:\Users\Aluno\.m2\repository\org\springframework\boot\spring-boot-test-autoconfigure\3.3.4\spring-boot-test-autoconfigure-3.3.4.jar;C:\Users\Aluno\.m2\repository\com\jayway\jsonpath\json-path\2.9.0\json-path-2.9.0.jar;C:\Users\Aluno\.m2\repository\jakarta\xml\bind\jakarta.xml.bind-api\4.0.2\jakarta.xml.bind-api-4.0.2.jar;C:\Users\Aluno\.m2\repository\net\minidev\json-smart\2.5.1\json-smart-2.5.1.jar;C:\Users\Aluno\.m2\repository\net\minidev\accessors-smart\2.5.1\accessors-smart-2.5.1.jar;C:\Users\Aluno\.m2\repository\org\ow2\asm\asm\9.6\asm-9.6.jar;C:\Users\Aluno\.m2\repository\org\assertj\assertj-core\3.25.3\assertj-core-3.25.3.jar;C:\Users\Aluno\.m2\repository\org\awaitility\awaitility\4.2.2\awaitility-4.2.2.jar;C:\Users\Aluno\.m2\repository\org\hamcrest\hamcrest\2.2\hamcrest-2.2.jar;C:\Users\Aluno\.m2\repository\org\junit\jupiter\junit-jupiter\5.10.3\junit-jupiter-5.10.3.jar;C:\Users\Aluno\.m2\repository\org\junit\jupiter\junit-jupiter-api\5.10.3\junit-jupiter-api-5.10.3.jar;C:\Users\Aluno\.m2\repository\org\opentest4j\opentest4j\1.3.0\opentest4j-1.3.0.jar;C:\Users\Aluno\.m2\repository\org\junit\platform\junit-platform-commons\1.10.3\junit-platform-commons-1.10.3.jar;C:\Users\Aluno\.m2\repository\org\apiguardian\apiguardian-api\1.1.2\apiguardian-api-1.1.2.jar;C:\Users\Aluno\.m2\repository\org\junit\jupiter\junit-jupiter-params\5.10.3\junit-jupiter-params-5.10.3.jar;C:\Users\Aluno\.m2\repository\org\junit\jupiter\junit-jupiter-engine\5.10.3\junit-jupiter-engine-5.10.3.jar;C:\Users\Aluno\.m2\repository\org\junit\platform\junit-platform-engine\1.10.3\junit-platform-engine-1.10.3.jar;C:\Users\Aluno\.m2\repository\org\mockito\mockito-core\5.11.0\mockito-core-5.11.0.jar;C:\Users\Aluno\.m2\repository\net\bytebuddy\byte-buddy-agent\1.14.19\byte-buddy-agent-1.14.19.jar;C:\Users\Aluno\.m2\repository\org\objenesis\objenesis\3.3\objenesis-3.3.jar;C:\Users\Aluno\.m2\repository\org\mockito\mockito-junit-jupiter\5.11.0\mockito-junit-jupiter-5.11.0.jar;C:\Users\Aluno\.m2\repository\org\skyscreamer\jsonassert\1.5.3\jsonassert-1.5.3.jar;C:\Users\Aluno\.m2\repository\com\vaadin\external\google\android-json\0.0.20131108.vaadin1\android-json-0.0.20131108.vaadin1.jar;C:\Users\Aluno\.m2\repository\org\springframework\spring-core\6.1.13\spring-core-6.1.13.jar;C:\Users\Aluno\.m2\repository\org\springframework\spring-jcl\6.1.13\spring-jcl-6.1.13.jar;C:\Users\Aluno\.m2\repository\org\springframework\spring-test\6.1.13\spring-test-6.1.13.jar;C:\Users\Aluno\.m2\repository\org\xmlunit\xmlunit-core\2.9.1\xmlunit-core-2.9.1.jar;"/>
    <property name="java.vm.vendor" value="Oracle Corporation"/>
    <property name="sun.arch.data.model" value="64"/>
    <property name="user.variant" value=""/>
    <property name="java.vendor.url" value="https://java.oracle.com/"/>
    <property name="user.timezone" value="America/Sao_Paulo"/>
    <property name="org.jboss.logging.provider" value="slf4j"/>
    <property name="os.name" value="Windows 10"/>
    <property name="java.vm.specification.version" value="22"/>
    <property name="sun.java.launcher" value="SUN_STANDARD"/>
    <property name="user.country" value="BR"/>
    <property name="sun.boot.library.path" value="C:\Users\Aluno\.jdks\openjdk-22.0.2\bin"/>
    <property name="sun.java.command" value="C:\Users\Aluno\AppData\Local\Temp\surefire12790060428456084222\surefirebooter-20241011190558430_3.jar C:\Users\Aluno\AppData\Local\Temp\surefire12790060428456084222 2024-10-11T19-05-58_096-jvmRun1 surefire-20241011190558430_1tmp surefire_0-20241011190558430_2tmp"/>
    <property name="jdk.debug" value="release"/>
    <property name="surefire.test.class.path" value="C:\Users\Aluno\Downloads\Atividade-Web-Service-main\exercicio\target\test-classes;C:\Users\Aluno\Downloads\Atividade-Web-Service-main\exercicio\target\classes;C:\Users\Aluno\.m2\repository\org\springdoc\springdoc-openapi-starter-webmvc-ui\2.6.0\springdoc-openapi-starter-webmvc-ui-2.6.0.jar;C:\Users\Aluno\.m2\repository\org\springdoc\springdoc-openapi-starter-webmvc-api\2.6.0\springdoc-openapi-starter-webmvc-api-2.6.0.jar;C:\Users\Aluno\.m2\repository\org\springdoc\springdoc-openapi-starter-common\2.6.0\springdoc-openapi-starter-common-2.6.0.jar;C:\Users\Aluno\.m2\repository\io\swagger\core\v3\swagger-core-jakarta\2.2.22\swagger-core-jakarta-2.2.22.jar;C:\Users\Aluno\.m2\repository\org\apache\commons\commons-lang3\3.14.0\commons-lang3-3.14.0.jar;C:\Users\Aluno\.m2\repository\io\swagger\core\v3\swagger-annotations-jakarta\2.2.22\swagger-annotations-jakarta-2.2.22.jar;C:\Users\Aluno\.m2\repository\io\swagger\core\v3\swagger-models-jakarta\2.2.22\swagger-models-jakarta-2.2.22.jar;C:\Users\Aluno\.m2\repository\jakarta\validation\jakarta.validation-api\3.0.2\jakarta.validation-api-3.0.2.jar;C:\Users\Aluno\.m2\repository\com\fasterxml\jackson\dataformat\jackson-dataformat-yaml\2.17.2\jackson-dataformat-yaml-2.17.2.jar;C:\Users\Aluno\.m2\repository\org\webjars\swagger-ui\5.17.14\swagger-ui-5.17.14.jar;C:\Users\Aluno\.m2\repository\org\springframework\boot\spring-boot-starter-data-jpa\3.3.4\spring-boot-starter-data-jpa-3.3.4.jar;C:\Users\Aluno\.m2\repository\org\springframework\boot\spring-boot-starter-aop\3.3.4\spring-boot-starter-aop-3.3.4.jar;C:\Users\Aluno\.m2\repository\org\springframework\spring-aop\6.1.13\spring-aop-6.1.13.jar;C:\Users\Aluno\.m2\repository\org\aspectj\aspectjweaver\1.9.22.1\aspectjweaver-1.9.22.1.jar;C:\Users\Aluno\.m2\repository\org\springframework\boot\spring-boot-starter-jdbc\3.3.4\spring-boot-starter-jdbc-3.3.4.jar;C:\Users\Aluno\.m2\repository\com\zaxxer\HikariCP\5.1.0\HikariCP-5.1.0.jar;C:\Users\Aluno\.m2\repository\org\springframework\spring-jdbc\6.1.13\spring-jdbc-6.1.13.jar;C:\Users\Aluno\.m2\repository\org\hibernate\orm\hibernate-core\6.5.3.Final\hibernate-core-6.5.3.Final.jar;C:\Users\Aluno\.m2\repository\jakarta\persistence\jakarta.persistence-api\3.1.0\jakarta.persistence-api-3.1.0.jar;C:\Users\Aluno\.m2\repository\jakarta\transaction\jakarta.transaction-api\2.0.1\jakarta.transaction-api-2.0.1.jar;C:\Users\Aluno\.m2\repository\org\jboss\logging\jboss-logging\3.5.3.Final\jboss-logging-3.5.3.Final.jar;C:\Users\Aluno\.m2\repository\org\hibernate\common\hibernate-commons-annotations\6.0.6.Final\hibernate-commons-annotations-6.0.6.Final.jar;C:\Users\Aluno\.m2\repository\io\smallrye\jandex\3.1.2\jandex-3.1.2.jar;C:\Users\Aluno\.m2\repository\com\fasterxml\classmate\1.7.0\classmate-1.7.0.jar;C:\Users\Aluno\.m2\repository\net\bytebuddy\byte-buddy\1.14.19\byte-buddy-1.14.19.jar;C:\Users\Aluno\.m2\repository\org\glassfish\jaxb\jaxb-runtime\4.0.5\jaxb-runtime-4.0.5.jar;C:\Users\Aluno\.m2\repository\org\glassfish\jaxb\jaxb-core\4.0.5\jaxb-core-4.0.5.jar;C:\Users\Aluno\.m2\repository\org\glassfish\jaxb\txw2\4.0.5\txw2-4.0.5.jar;C:\Users\Aluno\.m2\repository\com\sun\istack\istack-commons-runtime\4.1.2\istack-commons-runtime-4.1.2.jar;C:\Users\Aluno\.m2\repository\jakarta\inject\jakarta.inject-api\2.0.1\jakarta.inject-api-2.0.1.jar;C:\Users\Aluno\.m2\repository\org\antlr\antlr4-runtime\4.13.0\antlr4-runtime-4.13.0.jar;C:\Users\Aluno\.m2\repository\org\springframework\data\spring-data-jpa\3.3.4\spring-data-jpa-3.3.4.jar;C:\Users\Aluno\.m2\repository\org\springframework\data\spring-data-commons\3.3.4\spring-data-commons-3.3.4.jar;C:\Users\Aluno\.m2\repository\org\springframework\spring-orm\6.1.13\spring-orm-6.1.13.jar;C:\Users\Aluno\.m2\repository\org\springframework\spring-context\6.1.13\spring-context-6.1.13.jar;C:\Users\Aluno\.m2\repository\org\springframework\spring-tx\6.1.13\spring-tx-6.1.13.jar;C:\Users\Aluno\.m2\repository\org\springframework\spring-beans\6.1.13\spring-beans-6.1.13.jar;C:\Users\Aluno\.m2\repository\jakarta\annotation\jakarta.annotation-api\2.1.1\jakarta.annotation-api-2.1.1.jar;C:\Users\Aluno\.m2\repository\org\slf4j\slf4j-api\2.0.16\slf4j-api-2.0.16.jar;C:\Users\Aluno\.m2\repository\org\springframework\spring-aspects\6.1.13\spring-aspects-6.1.13.jar;C:\Users\Aluno\.m2\repository\org\springframework\boot\spring-boot-starter-web\3.3.4\spring-boot-starter-web-3.3.4.jar;C:\Users\Aluno\.m2\repository\org\springframework\boot\spring-boot-starter\3.3.4\spring-boot-starter-3.3.4.jar;C:\Users\Aluno\.m2\repository\org\springframework\boot\spring-boot-starter-logging\3.3.4\spring-boot-starter-logging-3.3.4.jar;C:\Users\Aluno\.m2\repository\ch\qos\logback\logback-classic\1.5.8\logback-classic-1.5.8.jar;C:\Users\Aluno\.m2\repository\ch\qos\logback\logback-core\1.5.8\logback-core-1.5.8.jar;C:\Users\Aluno\.m2\repository\org\apache\logging\log4j\log4j-to-slf4j\2.23.1\log4j-to-slf4j-2.23.1.jar;C:\Users\Aluno\.m2\repository\org\apache\logging\log4j\log4j-api\2.23.1\log4j-api-2.23.1.jar;C:\Users\Aluno\.m2\repository\org\slf4j\jul-to-slf4j\2.0.16\jul-to-slf4j-2.0.16.jar;C:\Users\Aluno\.m2\repository\org\yaml\snakeyaml\2.2\snakeyaml-2.2.jar;C:\Users\Aluno\.m2\repository\org\springframework\boot\spring-boot-starter-json\3.3.4\spring-boot-starter-json-3.3.4.jar;C:\Users\Aluno\.m2\repository\com\fasterxml\jackson\core\jackson-databind\2.17.2\jackson-databind-2.17.2.jar;C:\Users\Aluno\.m2\repository\com\fasterxml\jackson\core\jackson-annotations\2.17.2\jackson-annotations-2.17.2.jar;C:\Users\Aluno\.m2\repository\com\fasterxml\jackson\core\jackson-core\2.17.2\jackson-core-2.17.2.jar;C:\Users\Aluno\.m2\repository\com\fasterxml\jackson\datatype\jackson-datatype-jdk8\2.17.2\jackson-datatype-jdk8-2.17.2.jar;C:\Users\Aluno\.m2\repository\com\fasterxml\jackson\datatype\jackson-datatype-jsr310\2.17.2\jackson-datatype-jsr310-2.17.2.jar;C:\Users\Aluno\.m2\repository\com\fasterxml\jackson\module\jackson-module-parameter-names\2.17.2\jackson-module-parameter-names-2.17.2.jar;C:\Users\Aluno\.m2\repository\org\springframework\boot\spring-boot-starter-tomcat\3.3.4\spring-boot-starter-tomcat-3.3.4.jar;C:\Users\Aluno\.m2\repository\org\apache\tomcat\embed\tomcat-embed-core\10.1.30\tomcat-embed-core-10.1.30.jar;C:\Users\Aluno\.m2\repository\org\apache\tomcat\embed\tomcat-embed-el\10.1.30\tomcat-embed-el-10.1.30.jar;C:\Users\Aluno\.m2\repository\org\apache\tomcat\embed\tomcat-embed-websocket\10.1.30\tomcat-embed-websocket-10.1.30.jar;C:\Users\Aluno\.m2\repository\org\springframework\spring-web\6.1.13\spring-web-6.1.13.jar;C:\Users\Aluno\.m2\repository\io\micrometer\micrometer-observation\1.13.4\micrometer-observation-1.13.4.jar;C:\Users\Aluno\.m2\repository\io\micrometer\micrometer-commons\1.13.4\micrometer-commons-1.13.4.jar;C:\Users\Aluno\.m2\repository\org\springframework\spring-webmvc\6.1.13\spring-webmvc-6.1.13.jar;C:\Users\Aluno\.m2\repository\org\springframework\spring-expression\6.1.13\spring-expression-6.1.13.jar;C:\Users\Aluno\.m2\repository\org\springframework\boot\spring-boot-starter-web-services\3.3.4\spring-boot-starter-web-services-3.3.4.jar;C:\Users\Aluno\.m2\repository\com\sun\xml\messaging\saaj\saaj-impl\3.0.4\saaj-impl-3.0.4.jar;C:\Users\Aluno\.m2\repository\jakarta\xml\soap\jakarta.xml.soap-api\3.0.2\jakarta.xml.soap-api-3.0.2.jar;C:\Users\Aluno\.m2\repository\org\jvnet\staxex\stax-ex\2.1.0\stax-ex-2.1.0.jar;C:\Users\Aluno\.m2\repository\jakarta\activation\jakarta.activation-api\2.1.3\jakarta.activation-api-2.1.3.jar;C:\Users\Aluno\.m2\repository\org\eclipse\angus\angus-activation\2.0.2\angus-activation-2.0.2.jar;C:\Users\Aluno\.m2\repository\jakarta\xml\ws\jakarta.xml.ws-api\4.0.2\jakarta.xml.ws-api-4.0.2.jar;C:\Users\Aluno\.m2\repository\org\springframework\spring-oxm\6.1.13\spring-oxm-6.1.13.jar;C:\Users\Aluno\.m2\repository\org\springframework\ws\spring-ws-core\4.0.11\spring-ws-core-4.0.11.jar;C:\Users\Aluno\.m2\repository\org\springframework\ws\spring-xml\4.0.11\spring-xml-4.0.11.jar;C:\Users\Aluno\.m2\repository\org\springframework\boot\spring-boot-devtools\3.3.4\spring-boot-devtools-3.3.4.jar;C:\Users\Aluno\.m2\repository\org\springframework\boot\spring-boot\3.3.4\spring-boot-3.3.4.jar;C:\Users\Aluno\.m2\repository\org\springframework\boot\spring-boot-autoconfigure\3.3.4\spring-boot-autoconfigure-3.3.4.jar;C:\Users\Aluno\.m2\repository\org\postgresql\postgresql\42.7.4\postgresql-42.7.4.jar;C:\Users\Aluno\.m2\repository\org\checkerframework\checker-qual\3.42.0\checker-qual-3.42.0.jar;C:\Users\Aluno\.m2\repository\org\projectlombok\lombok\1.18.34\lombok-1.18.34.jar;C:\Users\Aluno\.m2\repository\org\springframework\boot\spring-boot-starter-test\3.3.4\spring-boot-starter-test-3.3.4.jar;C:\Users\Aluno\.m2\repository\org\springframework\boot\spring-boot-test\3.3.4\spring-boot-test-3.3.4.jar;C:\Users\Aluno\.m2\repository\org\springframework\boot\spring-boot-test-autoconfigure\3.3.4\spring-boot-test-autoconfigure-3.3.4.jar;C:\Users\Aluno\.m2\repository\com\jayway\jsonpath\json-path\2.9.0\json-path-2.9.0.jar;C:\Users\Aluno\.m2\repository\jakarta\xml\bind\jakarta.xml.bind-api\4.0.2\jakarta.xml.bind-api-4.0.2.jar;C:\Users\Aluno\.m2\repository\net\minidev\json-smart\2.5.1\json-smart-2.5.1.jar;C:\Users\Aluno\.m2\repository\net\minidev\accessors-smart\2.5.1\accessors-smart-2.5.1.jar;C:\Users\Aluno\.m2\repository\org\ow2\asm\asm\9.6\asm-9.6.jar;C:\Users\Aluno\.m2\repository\org\assertj\assertj-core\3.25.3\assertj-core-3.25.3.jar;C:\Users\Aluno\.m2\repository\org\awaitility\awaitility\4.2.2\awaitility-4.2.2.jar;C:\Users\Aluno\.m2\repository\org\hamcrest\hamcrest\2.2\hamcrest-2.2.jar;C:\Users\Aluno\.m2\repository\org\junit\jupiter\junit-jupiter\5.10.3\junit-jupiter-5.10.3.jar;C:\Users\Aluno\.m2\repository\org\junit\jupiter\junit-jupiter-api\5.10.3\junit-jupiter-api-5.10.3.jar;C:\Users\Aluno\.m2\repository\org\opentest4j\opentest4j\1.3.0\opentest4j-1.3.0.jar;C:\Users\Aluno\.m2\repository\org\junit\platform\junit-platform-commons\1.10.3\junit-platform-commons-1.10.3.jar;C:\Users\Aluno\.m2\repository\org\apiguardian\apiguardian-api\1.1.2\apiguardian-api-1.1.2.jar;C:\Users\Aluno\.m2\repository\org\junit\jupiter\junit-jupiter-params\5.10.3\junit-jupiter-params-5.10.3.jar;C:\Users\Aluno\.m2\repository\org\junit\jupiter\junit-jupiter-engine\5.10.3\junit-jupiter-engine-5.10.3.jar;C:\Users\Aluno\.m2\repository\org\junit\platform\junit-platform-engine\1.10.3\junit-platform-engine-1.10.3.jar;C:\Users\Aluno\.m2\repository\org\mockito\mockito-core\5.11.0\mockito-core-5.11.0.jar;C:\Users\Aluno\.m2\repository\net\bytebuddy\byte-buddy-agent\1.14.19\byte-buddy-agent-1.14.19.jar;C:\Users\Aluno\.m2\repository\org\objenesis\objenesis\3.3\objenesis-3.3.jar;C:\Users\Aluno\.m2\repository\org\mockito\mockito-junit-jupiter\5.11.0\mockito-junit-jupiter-5.11.0.jar;C:\Users\Aluno\.m2\repository\org\skyscreamer\jsonassert\1.5.3\jsonassert-1.5.3.jar;C:\Users\Aluno\.m2\repository\com\vaadin\external\google\android-json\0.0.20131108.vaadin1\android-json-0.0.20131108.vaadin1.jar;C:\Users\Aluno\.m2\repository\org\springframework\spring-core\6.1.13\spring-core-6.1.13.jar;C:\Users\Aluno\.m2\repository\org\springframework\spring-jcl\6.1.13\spring-jcl-6.1.13.jar;C:\Users\Aluno\.m2\repository\org\springframework\spring-test\6.1.13\spring-test-6.1.13.jar;C:\Users\Aluno\.m2\repository\org\xmlunit\xmlunit-core\2.9.1\xmlunit-core-2.9.1.jar;"/>
    <property name="sun.cpu.endian" value="little"/>
    <property name="user.home" value="C:\Users\Aluno"/>
    <property name="user.language" value="pt"/>
    <property name="java.specification.vendor" value="Oracle Corporation"/>
    <property name="java.version.date" value="2024-07-16"/>
    <property name="java.home" value="C:\Users\Aluno\.jdks\openjdk-22.0.2"/>
    <property name="file.separator" value="\"/>
    <property name="basedir" value="C:\Users\Aluno\Downloads\Atividade-Web-Service-main\exercicio"/>
    <property name="java.vm.compressedOopsMode" value="Zero based"/>
    <property name="line.separator" value="&#10;"/>
    <property name="java.vm.specification.vendor" value="Oracle Corporation"/>
    <property name="java.specification.name" value="Java Platform API Specification"/>
    <property name="FILE_LOG_CHARSET" value="UTF-8"/>
    <property name="java.awt.headless" value="true"/>
    <property name="surefire.real.class.path" value="C:\Users\Aluno\AppData\Local\Temp\surefire12790060428456084222\surefirebooter-20241011190558430_3.jar"/>
    <property name="user.script" value=""/>
    <property name="sun.management.compiler" value="HotSpot 64-Bit Tiered Compilers"/>
    <property name="java.runtime.version" value="22.0.2+9-70"/>
    <property name="user.name" value="Aluno"/>
    <property name="stdout.encoding" value="Cp1252"/>
    <property name="path.separator" value=";"/>
    <property name="os.version" value="10.0"/>
    <property name="java.runtime.name" value="OpenJDK Runtime Environment"/>
    <property name="file.encoding" value="UTF-8"/>
    <property name="java.vm.name" value="OpenJDK 64-Bit Server VM"/>
    <property name="localRepository" value="C:\Users\Aluno\.m2\repository"/>
    <property name="java.vendor.url.bug" value="https://bugreport.java.com/bugreport/"/>
    <property name="java.io.tmpdir" value="C:\Users\Aluno\AppData\Local\Temp\"/>
    <property name="idea.version" value="2024.2.3"/>
    <property name="com.zaxxer.hikari.pool_number" value="1"/>
    <property name="java.version" value="22.0.2"/>
    <property name="user.dir" value="C:\Users\Aluno\Downloads\Atividade-Web-Service-main\exercicio"/>
    <property name="os.arch" value="amd64"/>
    <property name="java.vm.specification.name" value="Java Virtual Machine Specification"/>
    <property name="PID" value="11888"/>
    <property name="sun.os.patch.level" value=""/>
    <property name="CONSOLE_LOG_CHARSET" value="UTF-8"/>
    <property name="native.encoding" value="Cp1252"/>
    <property name="java.library.path" value="C:\Users\Aluno\.jdks\openjdk-22.0.2\bin;C:\Windows\Sun\Java\bin;C:\Windows\system32;C:\Windows;C:\Program Files\Common Files\Oracle\Java\javapath;C:\Program Files (x86)\Common Files\Oracle\Java\javapath;C:\Program Files (x86)\VMware\VMware Player\bin\;C:\Program Files (x86)\Common Files\Intel\Shared Libraries\redist\intel64\compiler;C:\Windows\system32;C:\Windows;C:\Windows\System32\Wbem;C:\Windows\System32\WindowsPowerShell\v1.0\;C:\Windows\System32\OpenSSH\;C:\Program Files\Docker\Docker\resources\bin;C:\ProgramData\DockerDesktop\version-bin;C:\Program Files\Git\cmd;C:\Program Files\Java\jdk-18.0.1.1\\bin;C:\Users\Aluno\Senac\Aplicativos\apache-maven-3.9.0\bin;C:\Program Files\nodejs\;C:\Program Files (x86)\CheckPoint\Endpoint Security\Endpoint Common\bin;C:\Program Files\Vagrant\bin;C:\Program Files\MySQL\MySQL Shell 8.0\bin\;C:\Users\Aluno\AppData\Local\Microsoft\WindowsApps;C:\Users\Aluno\AppData\Local\Programs\Microsoft VS Code\bin;C:\Users\Aluno\AppData\Roaming\npm;C:\Users\Aluno\AppData\Local\GitHubDesktop\bin;."/>
    <property name="java.vm.info" value="mixed mode, sharing"/>
    <property name="stderr.encoding" value="Cp1252"/>
    <property name="java.vendor" value="Oracle Corporation"/>
    <property name="java.vm.version" value="22.0.2+9-70"/>
    <property name="sun.io.unicode.encoding" value="UnicodeLittle"/>
    <property name="java.class.version" value="66.0"/>
  </properties>
  <testcase name="contextLoads" classname="com.senac.n1.exercicio.ExercicioApplicationTests" time="0.677">
    <system-out><![CDATA[19:06:00.366 [main] INFO org.springframework.test.context.support.AnnotationConfigContextLoaderUtils -- Could not detect default configuration classes for test class [com.senac.n1.exercicio.ExercicioApplicationTests]: ExercicioApplicationTests does not declare any static, non-private, non-final, nested classes annotated with @Configuration.
19:06:00.506 [main] INFO org.springframework.boot.test.context.SpringBootTestContextBootstrapper -- Found @SpringBootConfiguration com.senac.n1.exercicio.ExercicioApplication for test class com.senac.n1.exercicio.ExercicioApplicationTests
19:06:00.747 [main] INFO org.springframework.boot.devtools.restart.RestartApplicationListener -- Restart disabled due to context in which it is running

  .   ____          _            __ _ _
 /\\ / ___'_ __ _ _(_)_ __  __ _ \ \ \ \
( ( )\___ | '_ | '_| | '_ \/ _` | \ \ \ \
 \\/  ___)| |_)| | | | | || (_| |  ) ) ) )
  '  |____| .__|_| |_|_| |_\__, | / / / /
 =========|_|==============|___/=/_/_/_/

&amp#27;[32m :: Spring Boot :: &amp#27;[39m              &amp#27;[2m (v3.3.4)&amp#27;[0;39m

&amp#27;[2m2024-10-11T19:06:01.208-03:00&amp#27;[0;39m &amp#27;[32m INFO&amp#27;[0;39m &amp#27;[35m11888&amp#27;[0;39m &amp#27;[2m---&amp#27;[0;39m &amp#27;[2m[           main]&amp#27;[0;39m &amp#27;[2m&amp#27;[0;39m&amp#27;[36mc.s.n.e.ExercicioApplicationTests       &amp#27;[0;39m &amp#27;[2m:&amp#27;[0;39m Starting ExercicioApplicationTests using Java 22.0.2 with PID 11888 (started by Aluno in C:\Users\Aluno\Downloads\Atividade-Web-Service-main\exercicio)
&amp#27;[2m2024-10-11T19:06:01.210-03:00&amp#27;[0;39m &amp#27;[32m INFO&amp#27;[0;39m &amp#27;[35m11888&amp#27;[0;39m &amp#27;[2m---&amp#27;[0;39m &amp#27;[2m[           main]&amp#27;[0;39m &amp#27;[2m&amp#27;[0;39m&amp#27;[36mc.s.n.e.ExercicioApplicationTests       &amp#27;[0;39m &amp#27;[2m:&amp#27;[0;39m No active profile set, falling back to 1 default profile: "default"
&amp#27;[2m2024-10-11T19:06:02.306-03:00&amp#27;[0;39m &amp#27;[32m INFO&amp#27;[0;39m &amp#27;[35m11888&amp#27;[0;39m &amp#27;[2m---&amp#27;[0;39m &amp#27;[2m[           main]&amp#27;[0;39m &amp#27;[2m&amp#27;[0;39m&amp#27;[36m.s.d.r.c.RepositoryConfigurationDelegate&amp#27;[0;39m &amp#27;[2m:&amp#27;[0;39m Bootstrapping Spring Data JPA repositories in DEFAULT mode.
&amp#27;[2m2024-10-11T19:06:02.380-03:00&amp#27;[0;39m &amp#27;[32m INFO&amp#27;[0;39m &amp#27;[35m11888&amp#27;[0;39m &amp#27;[2m---&amp#27;[0;39m &amp#27;[2m[           main]&amp#27;[0;39m &amp#27;[2m&amp#27;[0;39m&amp#27;[36m.s.d.r.c.RepositoryConfigurationDelegate&amp#27;[0;39m &amp#27;[2m:&amp#27;[0;39m Finished Spring Data repository scanning in 63 ms. Found 3 JPA repository interfaces.
&amp#27;[2m2024-10-11T19:06:02.750-03:00&amp#27;[0;39m &amp#27;[33m WARN&amp#27;[0;39m &amp#27;[35m11888&amp#27;[0;39m &amp#27;[2m---&amp#27;[0;39m &amp#27;[2m[           main]&amp#27;[0;39m &amp#27;[2m&amp#27;[0;39m&amp#27;[36mtrationDelegate$BeanPostProcessorChecker&amp#27;[0;39m &amp#27;[2m:&amp#27;[0;39m Bean 'org.springframework.ws.config.annotation.DelegatingWsConfiguration' of type [org.springframework.ws.config.annotation.DelegatingWsConfiguration$$SpringCGLIB$$0] is not eligible for getting processed by all BeanPostProcessors (for example: not eligible for auto-proxying). The currently created BeanPostProcessor [annotationActionEndpointMapping] is declared through a non-static factory method on that class; consider declaring it as static instead.
&amp#27;[2m2024-10-11T19:06:02.783-03:00&amp#27;[0;39m &amp#27;[32m INFO&amp#27;[0;39m &amp#27;[35m11888&amp#27;[0;39m &amp#27;[2m---&amp#27;[0;39m &amp#27;[2m[           main]&amp#27;[0;39m &amp#27;[2m&amp#27;[0;39m&amp#27;[36m.w.s.a.s.AnnotationActionEndpointMapping&amp#27;[0;39m &amp#27;[2m:&amp#27;[0;39m Supporting [WS-Addressing August 2004, WS-Addressing 1.0]
&amp#27;[2m2024-10-11T19:06:03.038-03:00&amp#27;[0;39m &amp#27;[32m INFO&amp#27;[0;39m &amp#27;[35m11888&amp#27;[0;39m &amp#27;[2m---&amp#27;[0;39m &amp#27;[2m[           main]&amp#27;[0;39m &amp#27;[2m&amp#27;[0;39m&amp#27;[36mo.hibernate.jpa.internal.util.LogHelper &amp#27;[0;39m &amp#27;[2m:&amp#27;[0;39m HHH000204: Processing PersistenceUnitInfo [name: default]
&amp#27;[2m2024-10-11T19:06:03.118-03:00&amp#27;[0;39m &amp#27;[32m INFO&amp#27;[0;39m &amp#27;[35m11888&amp#27;[0;39m &amp#27;[2m---&amp#27;[0;39m &amp#27;[2m[           main]&amp#27;[0;39m &amp#27;[2m&amp#27;[0;39m&amp#27;[36morg.hibernate.Version                   &amp#27;[0;39m &amp#27;[2m:&amp#27;[0;39m HHH000412: Hibernate ORM core version 6.5.3.Final
&amp#27;[2m2024-10-11T19:06:03.164-03:00&amp#27;[0;39m &amp#27;[32m INFO&amp#27;[0;39m &amp#27;[35m11888&amp#27;[0;39m &amp#27;[2m---&amp#27;[0;39m &amp#27;[2m[           main]&amp#27;[0;39m &amp#27;[2m&amp#27;[0;39m&amp#27;[36mo.h.c.internal.RegionFactoryInitiator   &amp#27;[0;39m &amp#27;[2m:&amp#27;[0;39m HHH000026: Second-level cache disabled
&amp#27;[2m2024-10-11T19:06:03.292-03:00&amp#27;[0;39m &amp#27;[32mDEBUG&amp#27;[0;39m &amp#27;[35m11888&amp#27;[0;39m &amp#27;[2m---&amp#27;[0;39m &amp#27;[2m[           main]&amp#27;[0;39m &amp#27;[2m&amp#27;[0;39m&amp#27;[36morg.hibernate.type.BasicTypeRegistry    &amp#27;[0;39m &amp#27;[2m:&amp#27;[0;39m Adding type registration boolean -> org.hibernate.type.BasicTypeReference@5c234920
&amp#27;[2m2024-10-11T19:06:03.292-03:00&amp#27;[0;39m &amp#27;[32mDEBUG&amp#27;[0;39m &amp#27;[35m11888&amp#27;[0;39m &amp#27;[2m---&amp#27;[0;39m &amp#27;[2m[           main]&amp#27;[0;39m &amp#27;[2m&amp#27;[0;39m&amp#27;[36morg.hibernate.type.BasicTypeRegistry    &amp#27;[0;39m &amp#27;[2m:&amp#27;[0;39m Adding type registration boolean -> org.hibernate.type.BasicTypeReference@5c234920
&amp#27;[2m2024-10-11T19:06:03.292-03:00&amp#27;[0;39m &amp#27;[32mDEBUG&amp#27;[0;39m &amp#27;[35m11888&amp#27;[0;39m &amp#27;[2m---&amp#27;[0;39m &amp#27;[2m[           main]&amp#27;[0;39m &amp#27;[2m&amp#27;[0;39m&amp#27;[36morg.hibernate.type.BasicTypeRegistry    &amp#27;[0;39m &amp#27;[2m:&amp#27;[0;39m Adding type registration java.lang.Boolean -> org.hibernate.type.BasicTypeReference@5c234920
&amp#27;[2m2024-10-11T19:06:03.292-03:00&amp#27;[0;39m &amp#27;[32mDEBUG&amp#27;[0;39m &amp#27;[35m11888&amp#27;[0;39m &amp#27;[2m---&amp#27;[0;39m &amp#27;[2m[           main]&amp#27;[0;39m &amp#27;[2m&amp#27;[0;39m&amp#27;[36morg.hibernate.type.BasicTypeRegistry    &amp#27;[0;39m &amp#27;[2m:&amp#27;[0;39m Adding type registration numeric_boolean -> org.hibernate.type.BasicTypeReference@7ddeb27f
&amp#27;[2m2024-10-11T19:06:03.292-03:00&amp#27;[0;39m &amp#27;[32mDEBUG&amp#27;[0;39m &amp#27;[35m11888&amp#27;[0;39m &amp#27;[2m---&amp#27;[0;39m &amp#27;[2m[           main]&amp#27;[0;39m &amp#27;[2m&amp#27;[0;39m&amp#27;[36morg.hibernate.type.BasicTypeRegistry    &amp#27;[0;39m &amp#27;[2m:&amp#27;[0;39m Adding type registration org.hibernate.type.NumericBooleanConverter -> org.hibernate.type.BasicTypeReference@7ddeb27f
&amp#27;[2m2024-10-11T19:06:03.292-03:00&amp#27;[0;39m &amp#27;[32mDEBUG&amp#27;[0;39m &amp#27;[35m11888&amp#27;[0;39m &amp#27;[2m---&amp#27;[0;39m &amp#27;[2m[           main]&amp#27;[0;39m &amp#27;[2m&amp#27;[0;39m&amp#27;[36morg.hibernate.type.BasicTypeRegistry    &amp#27;[0;39m &amp#27;[2m:&amp#27;[0;39m Adding type registration true_false -> org.hibernate.type.BasicTypeReference@38087342
&amp#27;[2m2024-10-11T19:06:03.293-03:00&amp#27;[0;39m &amp#27;[32mDEBUG&amp#27;[0;39m &amp#27;[35m11888&amp#27;[0;39m &amp#27;[2m---&amp#27;[0;39m &amp#27;[2m[           main]&amp#27;[0;39m &amp#27;[2m&amp#27;[0;39m&amp#27;[36morg.hibernate.type.BasicTypeRegistry    &amp#27;[0;39m &amp#27;[2m:&amp#27;[0;39m Adding type registration org.hibernate.type.TrueFalseConverter -> org.hibernate.type.BasicTypeReference@38087342
&amp#27;[2m2024-10-11T19:06:03.293-03:00&amp#27;[0;39m &amp#27;[32mDEBUG&amp#27;[0;39m &amp#27;[35m11888&amp#27;[0;39m &amp#27;[2m---&amp#27;[0;39m &amp#27;[2m[           main]&amp#27;[0;39m &amp#27;[2m&amp#27;[0;39m&amp#27;[36morg.hibernate.type.BasicTypeRegistry    &amp#27;[0;39m &amp#27;[2m:&amp#27;[0;39m Adding type registration yes_no -> org.hibernate.type.BasicTypeReference@681de87f
&amp#27;[2m2024-10-11T19:06:03.293-03:00&amp#27;[0;39m &amp#27;[32mDEBUG&amp#27;[0;39m &amp#27;[35m11888&amp#27;[0;39m &amp#27;[2m---&amp#27;[0;39m &amp#27;[2m[           main]&amp#27;[0;39m &amp#27;[2m&amp#27;[0;39m&amp#27;[36morg.hibernate.type.BasicTypeRegistry    &amp#27;[0;39m &amp#27;[2m:&amp#27;[0;39m Adding type registration org.hibernate.type.YesNoConverter -> org.hibernate.type.BasicTypeReference@681de87f
&amp#27;[2m2024-10-11T19:06:03.293-03:00&amp#27;[0;39m &amp#27;[32mDEBUG&amp#27;[0;39m &amp#27;[35m11888&amp#27;[0;39m &amp#27;[2m---&amp#27;[0;39m &amp#27;[2m[           main]&amp#27;[0;39m &amp#27;[2m&amp#27;[0;39m&amp#27;[36morg.hibernate.type.BasicTypeRegistry    &amp#27;[0;39m &amp#27;[2m:&amp#27;[0;39m Adding type registration byte -> org.hibernate.type.BasicTypeReference@2eb1c615
&amp#27;[2m2024-10-11T19:06:03.293-03:00&amp#27;[0;39m &amp#27;[32mDEBUG&amp#27;[0;39m &amp#27;[35m11888&amp#27;[0;39m &amp#27;[2m---&amp#27;[0;39m &amp#27;[2m[           main]&amp#27;[0;39m &amp#27;[2m&amp#27;[0;39m&amp#27;[36morg.hibernate.type.BasicTypeRegistry    &amp#27;[0;39m &amp#27;[2m:&amp#27;[0;39m Adding type registration byte -> org.hibernate.type.BasicTypeReference@2eb1c615
&amp#27;[2m2024-10-11T19:06:03.293-03:00&amp#27;[0;39m &amp#27;[32mDEBUG&amp#27;[0;39m &amp#27;[35m11888&amp#27;[0;39m &amp#27;[2m---&amp#27;[0;39m &amp#27;[2m[           main]&amp#27;[0;39m &amp#27;[2m&amp#27;[0;39m&amp#27;[36morg.hibernate.type.BasicTypeRegistry    &amp#27;[0;39m &amp#27;[2m:&amp#27;[0;39m Adding type registration java.lang.Byte -> org.hibernate.type.BasicTypeReference@2eb1c615
&amp#27;[2m2024-10-11T19:06:03.294-03:00&amp#27;[0;39m &amp#27;[32mDEBUG&amp#27;[0;39m &amp#27;[35m11888&amp#27;[0;39m &amp#27;[2m---&amp#27;[0;39m &amp#27;[2m[           main]&amp#27;[0;39m &amp#27;[2m&amp#27;[0;39m&amp#27;[36morg.hibernate.type.BasicTypeRegistry    &amp#27;[0;39m &amp#27;[2m:&amp#27;[0;39m Adding type registration binary -> org.hibernate.type.BasicTypeReference@2674d4f6
&amp#27;[2m2024-10-11T19:06:03.294-03:00&amp#27;[0;39m &amp#27;[32mDEBUG&amp#27;[0;39m &amp#27;[35m11888&amp#27;[0;39m &amp#27;[2m---&amp#27;[0;39m &amp#27;[2m[           main]&amp#27;[0;39m &amp#27;[2m&amp#27;[0;39m&amp#27;[36morg.hibernate.type.BasicTypeRegistry    &amp#27;[0;39m &amp#27;[2m:&amp#27;[0;39m Adding type registration byte[] -> org.hibernate.type.BasicTypeReference@2674d4f6
&amp#27;[2m2024-10-11T19:06:03.294-03:00&amp#27;[0;39m &amp#27;[32mDEBUG&amp#27;[0;39m &amp#27;[35m11888&amp#27;[0;39m &amp#27;[2m---&amp#27;[0;39m &amp#27;[2m[           main]&amp#27;[0;39m &amp#27;[2m&amp#27;[0;39m&amp#27;[36morg.hibernate.type.BasicTypeRegistry    &amp#27;[0;39m &amp#27;[2m:&amp#27;[0;39m Adding type registration [B -> org.hibernate.type.BasicTypeReference@2674d4f6
&amp#27;[2m2024-10-11T19:06:03.294-03:00&amp#27;[0;39m &amp#27;[32mDEBUG&amp#27;[0;39m &amp#27;[35m11888&amp#27;[0;39m &amp#27;[2m---&amp#27;[0;39m &amp#27;[2m[           main]&amp#27;[0;39m &amp#27;[2m&amp#27;[0;39m&amp#27;[36morg.hibernate.type.BasicTypeRegistry    &amp#27;[0;39m &amp#27;[2m:&amp#27;[0;39m Adding type registration binary_wrapper -> org.hibernate.type.BasicTypeReference@5d9d2119
&amp#27;[2m2024-10-11T19:06:03.294-03:00&amp#27;[0;39m &amp#27;[32mDEBUG&amp#27;[0;39m &amp#27;[35m11888&amp#27;[0;39m &amp#27;[2m---&amp#27;[0;39m &amp#27;[2m[           main]&amp#27;[0;39m &amp#27;[2m&amp#27;[0;39m&amp#27;[36morg.hibernate.type.BasicTypeRegistry    &amp#27;[0;39m &amp#27;[2m:&amp#27;[0;39m Adding type registration wrapper-binary -> org.hibernate.type.BasicTypeReference@5d9d2119
&amp#27;[2m2024-10-11T19:06:03.294-03:00&amp#27;[0;39m &amp#27;[32mDEBUG&amp#27;[0;39m &amp#27;[35m11888&amp#27;[0;39m &amp#27;[2m---&amp#27;[0;39m &amp#27;[2m[           main]&amp#27;[0;39m &amp#27;[2m&amp#27;[0;39m&amp#27;[36morg.hibernate.type.BasicTypeRegistry    &amp#27;[0;39m &amp#27;[2m:&amp#27;[0;39m Adding type registration image -> org.hibernate.type.BasicTypeReference@5a4464c5
&amp#27;[2m2024-10-11T19:06:03.294-03:00&amp#27;[0;39m &amp#27;[32mDEBUG&amp#27;[0;39m &amp#27;[35m11888&amp#27;[0;39m &amp#27;[2m---&amp#27;[0;39m &amp#27;[2m[           main]&amp#27;[0;39m &amp#27;[2m&amp#27;[0;39m&amp#27;[36morg.hibernate.type.BasicTypeRegistry    &amp#27;[0;39m &amp#27;[2m:&amp#27;[0;39m Adding type registration blob -> org.hibernate.type.BasicTypeReference@7ae590f6
&amp#27;[2m2024-10-11T19:06:03.295-03:00&amp#27;[0;39m &amp#27;[32mDEBUG&amp#27;[0;39m &amp#27;[35m11888&amp#27;[0;39m &amp#27;[2m---&amp#27;[0;39m &amp#27;[2m[           main]&amp#27;[0;39m &amp#27;[2m&amp#27;[0;39m&amp#27;[36morg.hibernate.type.BasicTypeRegistry    &amp#27;[0;39m &amp#27;[2m:&amp#27;[0;39m Adding type registration java.sql.Blob -> org.hibernate.type.BasicTypeReference@7ae590f6
&amp#27;[2m2024-10-11T19:06:03.295-03:00&amp#27;[0;39m &amp#27;[32mDEBUG&amp#27;[0;39m &amp#27;[35m11888&amp#27;[0;39m &amp#27;[2m---&amp#27;[0;39m &amp#27;[2m[           main]&amp#27;[0;39m &amp#27;[2m&amp#27;[0;39m&amp#27;[36morg.hibernate.type.BasicTypeRegistry    &amp#27;[0;39m &amp#27;[2m:&amp#27;[0;39m Adding type registration materialized_blob -> org.hibernate.type.BasicTypeReference@7ab63838
&amp#27;[2m2024-10-11T19:06:03.295-03:00&amp#27;[0;39m &amp#27;[32mDEBUG&amp#27;[0;39m &amp#27;[35m11888&amp#27;[0;39m &amp#27;[2m---&amp#27;[0;39m &amp#27;[2m[           main]&amp#27;[0;39m &amp#27;[2m&amp#27;[0;39m&amp#27;[36morg.hibernate.type.BasicTypeRegistry    &amp#27;[0;39m &amp#27;[2m:&amp#27;[0;39m Adding type registration materialized_blob_wrapper -> org.hibernate.type.BasicTypeReference@4e974b9e
&amp#27;[2m2024-10-11T19:06:03.295-03:00&amp#27;[0;39m &amp#27;[32mDEBUG&amp#27;[0;39m &amp#27;[35m11888&amp#27;[0;39m &amp#27;[2m---&amp#27;[0;39m &amp#27;[2m[           main]&amp#27;[0;39m &amp#27;[2m&amp#27;[0;39m&amp#27;[36morg.hibernate.type.BasicTypeRegistry    &amp#27;[0;39m &amp#27;[2m:&amp#27;[0;39m Adding type registration short -> org.hibernate.type.BasicTypeReference@370c7cc5
&amp#27;[2m2024-10-11T19:06:03.295-03:00&amp#27;[0;39m &amp#27;[32mDEBUG&amp#27;[0;39m &amp#27;[35m11888&amp#27;[0;39m &amp#27;[2m---&amp#27;[0;39m &amp#27;[2m[           main]&amp#27;[0;39m &amp#27;[2m&amp#27;[0;39m&amp#27;[36morg.hibernate.type.BasicTypeRegistry    &amp#27;[0;39m &amp#27;[2m:&amp#27;[0;39m Adding type registration short -> org.hibernate.type.BasicTypeReference@370c7cc5
&amp#27;[2m2024-10-11T19:06:03.295-03:00&amp#27;[0;39m &amp#27;[32mDEBUG&amp#27;[0;39m &amp#27;[35m11888&amp#27;[0;39m &amp#27;[2m---&amp#27;[0;39m &amp#27;[2m[           main]&amp#27;[0;39m &amp#27;[2m&amp#27;[0;39m&amp#27;[36morg.hibernate.type.BasicTypeRegistry    &amp#27;[0;39m &amp#27;[2m:&amp#27;[0;39m Adding type registration java.lang.Short -> org.hibernate.type.BasicTypeReference@370c7cc5
&amp#27;[2m2024-10-11T19:06:03.295-03:00&amp#27;[0;39m &amp#27;[32mDEBUG&amp#27;[0;39m &amp#27;[35m11888&amp#27;[0;39m &amp#27;[2m---&amp#27;[0;39m &amp#27;[2m[           main]&amp#27;[0;39m &amp#27;[2m&amp#27;[0;39m&amp#27;[36morg.hibernate.type.BasicTypeRegistry    &amp#27;[0;39m &amp#27;[2m:&amp#27;[0;39m Adding type registration integer -> org.hibernate.type.BasicTypeReference@61b838f2
&amp#27;[2m2024-10-11T19:06:03.295-03:00&amp#27;[0;39m &amp#27;[32mDEBUG&amp#27;[0;39m &amp#27;[35m11888&amp#27;[0;39m &amp#27;[2m---&amp#27;[0;39m &amp#27;[2m[           main]&amp#27;[0;39m &amp#27;[2m&amp#27;[0;39m&amp#27;[36morg.hibernate.type.BasicTypeRegistry    &amp#27;[0;39m &amp#27;[2m:&amp#27;[0;39m Adding type registration int -> org.hibernate.type.BasicTypeReference@61b838f2
&amp#27;[2m2024-10-11T19:06:03.295-03:00&amp#27;[0;39m &amp#27;[32mDEBUG&amp#27;[0;39m &amp#27;[35m11888&amp#27;[0;39m &amp#27;[2m---&amp#27;[0;39m &amp#27;[2m[           main]&amp#27;[0;39m &amp#27;[2m&amp#27;[0;39m&amp#27;[36morg.hibernate.type.BasicTypeRegistry    &amp#27;[0;39m &amp#27;[2m:&amp#27;[0;39m Adding type registration java.lang.Integer -> org.hibernate.type.BasicTypeReference@61b838f2
&amp#27;[2m2024-10-11T19:06:03.296-03:00&amp#27;[0;39m &amp#27;[32mDEBUG&amp#27;[0;39m &amp#27;[35m11888&amp#27;[0;39m &amp#27;[2m---&amp#27;[0;39m &amp#27;[2m[           main]&amp#27;[0;39m &amp#27;[2m&amp#27;[0;39m&amp#27;[36morg.hibernate.type.BasicTypeRegistry    &amp#27;[0;39m &amp#27;[2m:&amp#27;[0;39m Adding type registration long -> org.hibernate.type.BasicTypeReference@2a04ab05
&amp#27;[2m2024-10-11T19:06:03.296-03:00&amp#27;[0;39m &amp#27;[32mDEBUG&amp#27;[0;39m &amp#27;[35m11888&amp#27;[0;39m &amp#27;[2m---&amp#27;[0;39m &amp#27;[2m[           main]&amp#27;[0;39m &amp#27;[2m&amp#27;[0;39m&amp#27;[36morg.hibernate.type.BasicTypeRegistry    &amp#27;[0;39m &amp#27;[2m:&amp#27;[0;39m Adding type registration long -> org.hibernate.type.BasicTypeReference@2a04ab05
&amp#27;[2m2024-10-11T19:06:03.296-03:00&amp#27;[0;39m &amp#27;[32mDEBUG&amp#27;[0;39m &amp#27;[35m11888&amp#27;[0;39m &amp#27;[2m---&amp#27;[0;39m &amp#27;[2m[           main]&amp#27;[0;39m &amp#27;[2m&amp#27;[0;39m&amp#27;[36morg.hibernate.type.BasicTypeRegistry    &amp#27;[0;39m &amp#27;[2m:&amp#27;[0;39m Adding type registration java.lang.Long -> org.hibernate.type.BasicTypeReference@2a04ab05
&amp#27;[2m2024-10-11T19:06:03.296-03:00&amp#27;[0;39m &amp#27;[32mDEBUG&amp#27;[0;39m &amp#27;[35m11888&amp#27;[0;39m &amp#27;[2m---&amp#27;[0;39m &amp#27;[2m[           main]&amp#27;[0;39m &amp#27;[2m&amp#27;[0;39m&amp#27;[36morg.hibernate.type.BasicTypeRegistry    &amp#27;[0;39m &amp#27;[2m:&amp#27;[0;39m Adding type registration float -> org.hibernate.type.BasicTypeReference@5ebbde60
&amp#27;[2m2024-10-11T19:06:03.296-03:00&amp#27;[0;39m &amp#27;[32mDEBUG&amp#27;[0;39m &amp#27;[35m11888&amp#27;[0;39m &amp#27;[2m---&amp#27;[0;39m &amp#27;[2m[           main]&amp#27;[0;39m &amp#27;[2m&amp#27;[0;39m&amp#27;[36morg.hibernate.type.BasicTypeRegistry    &amp#27;[0;39m &amp#27;[2m:&amp#27;[0;39m Adding type registration float -> org.hibernate.type.BasicTypeReference@5ebbde60
&amp#27;[2m2024-10-11T19:06:03.296-03:00&amp#27;[0;39m &amp#27;[32mDEBUG&amp#27;[0;39m &amp#27;[35m11888&amp#27;[0;39m &amp#27;[2m---&amp#27;[0;39m &amp#27;[2m[           main]&amp#27;[0;39m &amp#27;[2m&amp#27;[0;39m&amp#27;[36morg.hibernate.type.BasicTypeRegistry    &amp#27;[0;39m &amp#27;[2m:&amp#27;[0;39m Adding type registration java.lang.Float -> org.hibernate.type.BasicTypeReference@5ebbde60
&amp#27;[2m2024-10-11T19:06:03.296-03:00&amp#27;[0;39m &amp#27;[32mDEBUG&amp#27;[0;39m &amp#27;[35m11888&amp#27;[0;39m &amp#27;[2m---&amp#27;[0;39m &amp#27;[2m[           main]&amp#27;[0;39m &amp#27;[2m&amp#27;[0;39m&amp#27;[36morg.hibernate.type.BasicTypeRegistry    &amp#27;[0;39m &amp#27;[2m:&amp#27;[0;39m Adding type registration double -> org.hibernate.type.BasicTypeReference@a056b26
&amp#27;[2m2024-10-11T19:06:03.296-03:00&amp#27;[0;39m &amp#27;[32mDEBUG&amp#27;[0;39m &amp#27;[35m11888&amp#27;[0;39m &amp#27;[2m---&amp#27;[0;39m &amp#27;[2m[           main]&amp#27;[0;39m &amp#27;[2m&amp#27;[0;39m&amp#27;[36morg.hibernate.type.BasicTypeRegistry    &amp#27;[0;39m &amp#27;[2m:&amp#27;[0;39m Adding type registration double -> org.hibernate.type.BasicTypeReference@a056b26
&amp#27;[2m2024-10-11T19:06:03.297-03:00&amp#27;[0;39m &amp#27;[32mDEBUG&amp#27;[0;39m &amp#27;[35m11888&amp#27;[0;39m &amp#27;[2m---&amp#27;[0;39m &amp#27;[2m[           main]&amp#27;[0;39m &amp#27;[2m&amp#27;[0;39m&amp#27;[36morg.hibernate.type.BasicTypeRegistry    &amp#27;[0;39m &amp#27;[2m:&amp#27;[0;39m Adding type registration java.lang.Double -> org.hibernate.type.BasicTypeReference@a056b26
&amp#27;[2m2024-10-11T19:06:03.297-03:00&amp#27;[0;39m &amp#27;[32mDEBUG&amp#27;[0;39m &amp#27;[35m11888&amp#27;[0;39m &amp#27;[2m---&amp#27;[0;39m &amp#27;[2m[           main]&amp#27;[0;39m &amp#27;[2m&amp#27;[0;39m&amp#27;[36morg.hibernate.type.BasicTypeRegistry    &amp#27;[0;39m &amp#27;[2m:&amp#27;[0;39m Adding type registration big_integer -> org.hibernate.type.BasicTypeReference@2a5abd3c
&amp#27;[2m2024-10-11T19:06:03.297-03:00&amp#27;[0;39m &amp#27;[32mDEBUG&amp#27;[0;39m &amp#27;[35m11888&amp#27;[0;39m &amp#27;[2m---&amp#27;[0;39m &amp#27;[2m[           main]&amp#27;[0;39m &amp#27;[2m&amp#27;[0;39m&amp#27;[36morg.hibernate.type.BasicTypeRegistry    &amp#27;[0;39m &amp#27;[2m:&amp#27;[0;39m Adding type registration java.math.BigInteger -> org.hibernate.type.BasicTypeReference@2a5abd3c
&amp#27;[2m2024-10-11T19:06:03.297-03:00&amp#27;[0;39m &amp#27;[32mDEBUG&amp#27;[0;39m &amp#27;[35m11888&amp#27;[0;39m &amp#27;[2m---&amp#27;[0;39m &amp#27;[2m[           main]&amp#27;[0;39m &amp#27;[2m&amp#27;[0;39m&amp#27;[36morg.hibernate.type.BasicTypeRegistry    &amp#27;[0;39m &amp#27;[2m:&amp#27;[0;39m Adding type registration big_decimal -> org.hibernate.type.BasicTypeReference@250967f1
&amp#27;[2m2024-10-11T19:06:03.297-03:00&amp#27;[0;39m &amp#27;[32mDEBUG&amp#27;[0;39m &amp#27;[35m11888&amp#27;[0;39m &amp#27;[2m---&amp#27;[0;39m &amp#27;[2m[           main]&amp#27;[0;39m &amp#27;[2m&amp#27;[0;39m&amp#27;[36morg.hibernate.type.BasicTypeRegistry    &amp#27;[0;39m &amp#27;[2m:&amp#27;[0;39m Adding type registration java.math.BigDecimal -> org.hibernate.type.BasicTypeReference@250967f1
&amp#27;[2m2024-10-11T19:06:03.297-03:00&amp#27;[0;39m &amp#27;[32mDEBUG&amp#27;[0;39m &amp#27;[35m11888&amp#27;[0;39m &amp#27;[2m---&amp#27;[0;39m &amp#27;[2m[           main]&amp#27;[0;39m &amp#27;[2m&amp#27;[0;39m&amp#27;[36morg.hibernate.type.BasicTypeRegistry    &amp#27;[0;39m &amp#27;[2m:&amp#27;[0;39m Adding type registration character -> org.hibernate.type.BasicTypeReference@25c1f5ee
&amp#27;[2m2024-10-11T19:06:03.297-03:00&amp#27;[0;39m &amp#27;[32mDEBUG&amp#27;[0;39m &amp#27;[35m11888&amp#27;[0;39m &amp#27;[2m---&amp#27;[0;39m &amp#27;[2m[           main]&amp#27;[0;39m &amp#27;[2m&amp#27;[0;39m&amp#27;[36morg.hibernate.type.BasicTypeRegistry    &amp#27;[0;39m &amp#27;[2m:&amp#27;[0;39m Adding type registration char -> org.hibernate.type.BasicTypeReference@25c1f5ee
&amp#27;[2m2024-10-11T19:06:03.297-03:00&amp#27;[0;39m &amp#27;[32mDEBUG&amp#27;[0;39m &amp#27;[35m11888&amp#27;[0;39m &amp#27;[2m---&amp#27;[0;39m &amp#27;[2m[           main]&amp#27;[0;39m &amp#27;[2m&amp#27;[0;39m&amp#27;[36morg.hibernate.type.BasicTypeRegistry    &amp#27;[0;39m &amp#27;[2m:&amp#27;[0;39m Adding type registration java.lang.Character -> org.hibernate.type.BasicTypeReference@25c1f5ee
&amp#27;[2m2024-10-11T19:06:03.297-03:00&amp#27;[0;39m &amp#27;[32mDEBUG&amp#27;[0;39m &amp#27;[35m11888&amp#27;[0;39m &amp#27;[2m---&amp#27;[0;39m &amp#27;[2m[           main]&amp#27;[0;39m &amp#27;[2m&amp#27;[0;39m&amp#27;[36morg.hibernate.type.BasicTypeRegistry    &amp#27;[0;39m &amp#27;[2m:&amp#27;[0;39m Adding type registration character_nchar -> org.hibernate.type.BasicTypeReference@4bce62b
&amp#27;[2m2024-10-11T19:06:03.298-03:00&amp#27;[0;39m &amp#27;[32mDEBUG&amp#27;[0;39m &amp#27;[35m11888&amp#27;[0;39m &amp#27;[2m---&amp#27;[0;39m &amp#27;[2m[           main]&amp#27;[0;39m &amp#27;[2m&amp#27;[0;39m&amp#27;[36morg.hibernate.type.BasicTypeRegistry    &amp#27;[0;39m &amp#27;[2m:&amp#27;[0;39m Adding type registration string -> org.hibernate.type.BasicTypeReference@7bf018dd
&amp#27;[2m2024-10-11T19:06:03.298-03:00&amp#27;[0;39m &amp#27;[32mDEBUG&amp#27;[0;39m &amp#27;[35m11888&amp#27;[0;39m &amp#27;[2m---&amp#27;[0;39m &amp#27;[2m[           main]&amp#27;[0;39m &amp#27;[2m&amp#27;[0;39m&amp#27;[36morg.hibernate.type.BasicTypeRegistry    &amp#27;[0;39m &amp#27;[2m:&amp#27;[0;39m Adding type registration java.lang.String -> org.hibernate.type.BasicTypeReference@7bf018dd
&amp#27;[2m2024-10-11T19:06:03.298-03:00&amp#27;[0;39m &amp#27;[32mDEBUG&amp#27;[0;39m &amp#27;[35m11888&amp#27;[0;39m &amp#27;[2m---&amp#27;[0;39m &amp#27;[2m[           main]&amp#27;[0;39m &amp#27;[2m&amp#27;[0;39m&amp#27;[36morg.hibernate.type.BasicTypeRegistry    &amp#27;[0;39m &amp#27;[2m:&amp#27;[0;39m Adding type registration nstring -> org.hibernate.type.BasicTypeReference@15a8cebd
&amp#27;[2m2024-10-11T19:06:03.298-03:00&amp#27;[0;39m &amp#27;[32mDEBUG&amp#27;[0;39m &amp#27;[35m11888&amp#27;[0;39m &amp#27;[2m---&amp#27;[0;39m &amp#27;[2m[           main]&amp#27;[0;39m &amp#27;[2m&amp#27;[0;39m&amp#27;[36morg.hibernate.type.BasicTypeRegistry    &amp#27;[0;39m &amp#27;[2m:&amp#27;[0;39m Adding type registration characters -> org.hibernate.type.BasicTypeReference@3f6c2763
&amp#27;[2m2024-10-11T19:06:03.298-03:00&amp#27;[0;39m &amp#27;[32mDEBUG&amp#27;[0;39m &amp#27;[35m11888&amp#27;[0;39m &amp#27;[2m---&amp#27;[0;39m &amp#27;[2m[           main]&amp#27;[0;39m &amp#27;[2m&amp#27;[0;39m&amp#27;[36morg.hibernate.type.BasicTypeRegistry    &amp#27;[0;39m &amp#27;[2m:&amp#27;[0;39m Adding type registration char[] -> org.hibernate.type.BasicTypeReference@3f6c2763
&amp#27;[2m2024-10-11T19:06:03.298-03:00&amp#27;[0;39m &amp#27;[32mDEBUG&amp#27;[0;39m &amp#27;[35m11888&amp#27;[0;39m &amp#27;[2m---&amp#27;[0;39m &amp#27;[2m[           main]&amp#27;[0;39m &amp#27;[2m&amp#27;[0;39m&amp#27;[36morg.hibernate.type.BasicTypeRegistry    &amp#27;[0;39m &amp#27;[2m:&amp#27;[0;39m Adding type registration [C -> org.hibernate.type.BasicTypeReference@3f6c2763
&amp#27;[2m2024-10-11T19:06:03.298-03:00&amp#27;[0;39m &amp#27;[32mDEBUG&amp#27;[0;39m &amp#27;[35m11888&amp#27;[0;39m &amp#27;[2m---&amp#27;[0;39m &amp#27;[2m[           main]&amp#27;[0;39m &amp#27;[2m&amp#27;[0;39m&amp#27;[36morg.hibernate.type.BasicTypeRegistry    &amp#27;[0;39m &amp#27;[2m:&amp#27;[0;39m Adding type registration wrapper-characters -> org.hibernate.type.BasicTypeReference@5c82031b
&amp#27;[2m2024-10-11T19:06:03.298-03:00&amp#27;[0;39m &amp#27;[32mDEBUG&amp#27;[0;39m &amp#27;[35m11888&amp#27;[0;39m &amp#27;[2m---&amp#27;[0;39m &amp#27;[2m[           main]&amp#27;[0;39m &amp#27;[2m&amp#27;[0;39m&amp#27;[36morg.hibernate.type.BasicTypeRegistry    &amp#27;[0;39m &amp#27;[2m:&amp#27;[0;39m Adding type registration text -> org.hibernate.type.BasicTypeReference@274fdea6
&amp#27;[2m2024-10-11T19:06:03.298-03:00&amp#27;[0;39m &amp#27;[32mDEBUG&amp#27;[0;39m &amp#27;[35m11888&amp#27;[0;39m &amp#27;[2m---&amp#27;[0;39m &amp#27;[2m[           main]&amp#27;[0;39m &amp#27;[2m&amp#27;[0;39m&amp#27;[36morg.hibernate.type.BasicTypeRegistry    &amp#27;[0;39m &amp#27;[2m:&amp#27;[0;39m Adding type registration ntext -> org.hibernate.type.BasicTypeReference@74c121d4
&amp#27;[2m2024-10-11T19:06:03.299-03:00&amp#27;[0;39m &amp#27;[32mDEBUG&amp#27;[0;39m &amp#27;[35m11888&amp#27;[0;39m &amp#27;[2m---&amp#27;[0;39m &amp#27;[2m[           main]&amp#27;[0;39m &amp#27;[2m&amp#27;[0;39m&amp#27;[36morg.hibernate.type.BasicTypeRegistry    &amp#27;[0;39m &amp#27;[2m:&amp#27;[0;39m Adding type registration clob -> org.hibernate.type.BasicTypeReference@2a484710
&amp#27;[2m2024-10-11T19:06:03.299-03:00&amp#27;[0;39m &amp#27;[32mDEBUG&amp#27;[0;39m &amp#27;[35m11888&amp#27;[0;39m &amp#27;[2m---&amp#27;[0;39m &amp#27;[2m[           main]&amp#27;[0;39m &amp#27;[2m&amp#27;[0;39m&amp#27;[36morg.hibernate.type.BasicTypeRegistry    &amp#27;[0;39m &amp#27;[2m:&amp#27;[0;39m Adding type registration java.sql.Clob -> org.hibernate.type.BasicTypeReference@2a484710
&amp#27;[2m2024-10-11T19:06:03.299-03:00&amp#27;[0;39m &amp#27;[32mDEBUG&amp#27;[0;39m &amp#27;[35m11888&amp#27;[0;39m &amp#27;[2m---&amp#27;[0;39m &amp#27;[2m[           main]&amp#27;[0;39m &amp#27;[2m&amp#27;[0;39m&amp#27;[36morg.hibernate.type.BasicTypeRegistry    &amp#27;[0;39m &amp#27;[2m:&amp#27;[0;39m Adding type registration nclob -> org.hibernate.type.BasicTypeReference@661e1399
&amp#27;[2m2024-10-11T19:06:03.299-03:00&amp#27;[0;39m &amp#27;[32mDEBUG&amp#27;[0;39m &amp#27;[35m11888&amp#27;[0;39m &amp#27;[2m---&amp#27;[0;39m &amp#27;[2m[           main]&amp#27;[0;39m &amp#27;[2m&amp#27;[0;39m&amp#27;[36morg.hibernate.type.BasicTypeRegistry    &amp#27;[0;39m &amp#27;[2m:&amp#27;[0;39m Adding type registration java.sql.NClob -> org.hibernate.type.BasicTypeReference@661e1399
&amp#27;[2m2024-10-11T19:06:03.299-03:00&amp#27;[0;39m &amp#27;[32mDEBUG&amp#27;[0;39m &amp#27;[35m11888&amp#27;[0;39m &amp#27;[2m---&amp#27;[0;39m &amp#27;[2m[           main]&amp#27;[0;39m &amp#27;[2m&amp#27;[0;39m&amp#27;[36morg.hibernate.type.BasicTypeRegistry    &amp#27;[0;39m &amp#27;[2m:&amp#27;[0;39m Adding type registration materialized_clob -> org.hibernate.type.BasicTypeReference@3ffd4b12
&amp#27;[2m2024-10-11T19:06:03.299-03:00&amp#27;[0;39m &amp#27;[32mDEBUG&amp#27;[0;39m &amp#27;[35m11888&amp#27;[0;39m &amp#27;[2m---&amp#27;[0;39m &amp#27;[2m[           main]&amp#27;[0;39m &amp#27;[2m&amp#27;[0;39m&amp#27;[36morg.hibernate.type.BasicTypeRegistry    &amp#27;[0;39m &amp#27;[2m:&amp#27;[0;39m Adding type registration materialized_clob_char_array -> org.hibernate.type.BasicTypeReference@424f02b8
&amp#27;[2m2024-10-11T19:06:03.299-03:00&amp#27;[0;39m &amp#27;[32mDEBUG&amp#27;[0;39m &amp#27;[35m11888&amp#27;[0;39m &amp#27;[2m---&amp#27;[0;39m &amp#27;[2m[           main]&amp#27;[0;39m &amp#27;[2m&amp#27;[0;39m&amp#27;[36morg.hibernate.type.BasicTypeRegistry    &amp#27;[0;39m &amp#27;[2m:&amp#27;[0;39m Adding type registration materialized_clob_character_array -> org.hibernate.type.BasicTypeReference@2ad7bd26
&amp#27;[2m2024-10-11T19:06:03.299-03:00&amp#27;[0;39m &amp#27;[32mDEBUG&amp#27;[0;39m &amp#27;[35m11888&amp#27;[0;39m &amp#27;[2m---&amp#27;[0;39m &amp#27;[2m[           main]&amp#27;[0;39m &amp#27;[2m&amp#27;[0;39m&amp#27;[36morg.hibernate.type.BasicTypeRegistry    &amp#27;[0;39m &amp#27;[2m:&amp#27;[0;39m Adding type registration materialized_nclob -> org.hibernate.type.BasicTypeReference@3cc3f13e
&amp#27;[2m2024-10-11T19:06:03.299-03:00&amp#27;[0;39m &amp#27;[32mDEBUG&amp#27;[0;39m &amp#27;[35m11888&amp#27;[0;39m &amp#27;[2m---&amp#27;[0;39m &amp#27;[2m[           main]&amp#27;[0;39m &amp#27;[2m&amp#27;[0;39m&amp#27;[36morg.hibernate.type.BasicTypeRegistry    &amp#27;[0;39m &amp#27;[2m:&amp#27;[0;39m Adding type registration materialized_nclob_character_array -> org.hibernate.type.BasicTypeReference@69b3886f
&amp#27;[2m2024-10-11T19:06:03.299-03:00&amp#27;[0;39m &amp#27;[32mDEBUG&amp#27;[0;39m &amp#27;[35m11888&amp#27;[0;39m &amp#27;[2m---&amp#27;[0;39m &amp#27;[2m[           main]&amp#27;[0;39m &amp#27;[2m&amp#27;[0;39m&amp#27;[36morg.hibernate.type.BasicTypeRegistry    &amp#27;[0;39m &amp#27;[2m:&amp#27;[0;39m Adding type registration materialized_nclob_char_array -> org.hibernate.type.BasicTypeReference@53d30d23
&amp#27;[2m2024-10-11T19:06:03.300-03:00&amp#27;[0;39m &amp#27;[32mDEBUG&amp#27;[0;39m &amp#27;[35m11888&amp#27;[0;39m &amp#27;[2m---&amp#27;[0;39m &amp#27;[2m[           main]&amp#27;[0;39m &amp#27;[2m&amp#27;[0;39m&amp#27;[36morg.hibernate.type.BasicTypeRegistry    &amp#27;[0;39m &amp#27;[2m:&amp#27;[0;39m Adding type registration Duration -> org.hibernate.type.BasicTypeReference@44faa4f2
&amp#27;[2m2024-10-11T19:06:03.300-03:00&amp#27;[0;39m &amp#27;[32mDEBUG&amp#27;[0;39m &amp#27;[35m11888&amp#27;[0;39m &amp#27;[2m---&amp#27;[0;39m &amp#27;[2m[           main]&amp#27;[0;39m &amp#27;[2m&amp#27;[0;39m&amp#27;[36morg.hibernate.type.BasicTypeRegistry    &amp#27;[0;39m &amp#27;[2m:&amp#27;[0;39m Adding type registration java.time.Duration -> org.hibernate.type.BasicTypeReference@44faa4f2
&amp#27;[2m2024-10-11T19:06:03.300-03:00&amp#27;[0;39m &amp#27;[32mDEBUG&amp#27;[0;39m &amp#27;[35m11888&amp#27;[0;39m &amp#27;[2m---&amp#27;[0;39m &amp#27;[2m[           main]&amp#27;[0;39m &amp#27;[2m&amp#27;[0;39m&amp#27;[36morg.hibernate.type.BasicTypeRegistry    &amp#27;[0;39m &amp#27;[2m:&amp#27;[0;39m Adding type registration LocalDateTime -> org.hibernate.type.BasicTypeReference@6793f752
&amp#27;[2m2024-10-11T19:06:03.300-03:00&amp#27;[0;39m &amp#27;[32mDEBUG&amp#27;[0;39m &amp#27;[35m11888&amp#27;[0;39m &amp#27;[2m---&amp#27;[0;39m &amp#27;[2m[           main]&amp#27;[0;39m &amp#27;[2m&amp#27;[0;39m&amp#27;[36morg.hibernate.type.BasicTypeRegistry    &amp#27;[0;39m &amp#27;[2m:&amp#27;[0;39m Adding type registration java.time.LocalDateTime -> org.hibernate.type.BasicTypeReference@6793f752
&amp#27;[2m2024-10-11T19:06:03.300-03:00&amp#27;[0;39m &amp#27;[32mDEBUG&amp#27;[0;39m &amp#27;[35m11888&amp#27;[0;39m &amp#27;[2m---&amp#27;[0;39m &amp#27;[2m[           main]&amp#27;[0;39m &amp#27;[2m&amp#27;[0;39m&amp#27;[36morg.hibernate.type.BasicTypeRegistry    &amp#27;[0;39m &amp#27;[2m:&amp#27;[0;39m Adding type registration LocalDate -> org.hibernate.type.BasicTypeReference@1216eb3f
&amp#27;[2m2024-10-11T19:06:03.300-03:00&amp#27;[0;39m &amp#27;[32mDEBUG&amp#27;[0;39m &amp#27;[35m11888&amp#27;[0;39m &amp#27;[2m---&amp#27;[0;39m &amp#27;[2m[           main]&amp#27;[0;39m &amp#27;[2m&amp#27;[0;39m&amp#27;[36morg.hibernate.type.BasicTypeRegistry    &amp#27;[0;39m &amp#27;[2m:&amp#27;[0;39m Adding type registration java.time.LocalDate -> org.hibernate.type.BasicTypeReference@1216eb3f
&amp#27;[2m2024-10-11T19:06:03.300-03:00&amp#27;[0;39m &amp#27;[32mDEBUG&amp#27;[0;39m &amp#27;[35m11888&amp#27;[0;39m &amp#27;[2m---&amp#27;[0;39m &amp#27;[2m[           main]&amp#27;[0;39m &amp#27;[2m&amp#27;[0;39m&amp#27;[36morg.hibernate.type.BasicTypeRegistry    &amp#27;[0;39m &amp#27;[2m:&amp#27;[0;39m Adding type registration LocalTime -> org.hibernate.type.BasicTypeReference@59e7564b
&amp#27;[2m2024-10-11T19:06:03.300-03:00&amp#27;[0;39m &amp#27;[32mDEBUG&amp#27;[0;39m &amp#27;[35m11888&amp#27;[0;39m &amp#27;[2m---&amp#27;[0;39m &amp#27;[2m[           main]&amp#27;[0;39m &amp#27;[2m&amp#27;[0;39m&amp#27;[36morg.hibernate.type.BasicTypeRegistry    &amp#27;[0;39m &amp#27;[2m:&amp#27;[0;39m Adding type registration java.time.LocalTime -> org.hibernate.type.BasicTypeReference@59e7564b
&amp#27;[2m2024-10-11T19:06:03.301-03:00&amp#27;[0;39m &amp#27;[32mDEBUG&amp#27;[0;39m &amp#27;[35m11888&amp#27;[0;39m &amp#27;[2m---&amp#27;[0;39m &amp#27;[2m[           main]&amp#27;[0;39m &amp#27;[2m&amp#27;[0;39m&amp#27;[36morg.hibernate.type.BasicTypeRegistry    &amp#27;[0;39m &amp#27;[2m:&amp#27;[0;39m Adding type registration OffsetDateTime -> org.hibernate.type.BasicTypeReference@482ba4b1
&amp#27;[2m2024-10-11T19:06:03.301-03:00&amp#27;[0;39m &amp#27;[32mDEBUG&amp#27;[0;39m &amp#27;[35m11888&amp#27;[0;39m &amp#27;[2m---&amp#27;[0;39m &amp#27;[2m[           main]&amp#27;[0;39m &amp#27;[2m&amp#27;[0;39m&amp#27;[36morg.hibernate.type.BasicTypeRegistry    &amp#27;[0;39m &amp#27;[2m:&amp#27;[0;39m Adding type registration java.time.OffsetDateTime -> org.hibernate.type.BasicTypeReference@482ba4b1
&amp#27;[2m2024-10-11T19:06:03.301-03:00&amp#27;[0;39m &amp#27;[32mDEBUG&amp#27;[0;39m &amp#27;[35m11888&amp#27;[0;39m &amp#27;[2m---&amp#27;[0;39m &amp#27;[2m[           main]&amp#27;[0;39m &amp#27;[2m&amp#27;[0;39m&amp#27;[36morg.hibernate.type.BasicTypeRegistry    &amp#27;[0;39m &amp#27;[2m:&amp#27;[0;39m Adding type registration OffsetDateTimeWithTimezone -> org.hibernate.type.BasicTypeReference@307af381
&amp#27;[2m2024-10-11T19:06:03.301-03:00&amp#27;[0;39m &amp#27;[32mDEBUG&amp#27;[0;39m &amp#27;[35m11888&amp#27;[0;39m &amp#27;[2m---&amp#27;[0;39m &amp#27;[2m[           main]&amp#27;[0;39m &amp#27;[2m&amp#27;[0;39m&amp#27;[36morg.hibernate.type.BasicTypeRegistry    &amp#27;[0;39m &amp#27;[2m:&amp#27;[0;39m Adding type registration OffsetDateTimeWithoutTimezone -> org.hibernate.type.BasicTypeReference@1510b9a2
&amp#27;[2m2024-10-11T19:06:03.301-03:00&amp#27;[0;39m &amp#27;[32mDEBUG&amp#27;[0;39m &amp#27;[35m11888&amp#27;[0;39m &amp#27;[2m---&amp#27;[0;39m &amp#27;[2m[           main]&amp#27;[0;39m &amp#27;[2m&amp#27;[0;39m&amp#27;[36morg.hibernate.type.BasicTypeRegistry    &amp#27;[0;39m &amp#27;[2m:&amp#27;[0;39m Adding type registration OffsetTime -> org.hibernate.type.BasicTypeReference@76a6f045
&amp#27;[2m2024-10-11T19:06:03.301-03:00&amp#27;[0;39m &amp#27;[32mDEBUG&amp#27;[0;39m &amp#27;[35m11888&amp#27;[0;39m &amp#27;[2m---&amp#27;[0;39m &amp#27;[2m[           main]&amp#27;[0;39m &amp#27;[2m&amp#27;[0;39m&amp#27;[36morg.hibernate.type.BasicTypeRegistry    &amp#27;[0;39m &amp#27;[2m:&amp#27;[0;39m Adding type registration java.time.OffsetTime -> org.hibernate.type.BasicTypeReference@76a6f045
&amp#27;[2m2024-10-11T19:06:03.301-03:00&amp#27;[0;39m &amp#27;[32mDEBUG&amp#27;[0;39m &amp#27;[35m11888&amp#27;[0;39m &amp#27;[2m---&amp#27;[0;39m &amp#27;[2m[           main]&amp#27;[0;39m &amp#27;[2m&amp#27;[0;39m&amp#27;[36morg.hibernate.type.BasicTypeRegistry    &amp#27;[0;39m &amp#27;[2m:&amp#27;[0;39m Adding type registration OffsetTimeUtc -> org.hibernate.type.BasicTypeReference@633ddc0c
&amp#27;[2m2024-10-11T19:06:03.301-03:00&amp#27;[0;39m &amp#27;[32mDEBUG&amp#27;[0;39m &amp#27;[35m11888&amp#27;[0;39m &amp#27;[2m---&amp#27;[0;39m &amp#27;[2m[           main]&amp#27;[0;39m &amp#27;[2m&amp#27;[0;39m&amp#27;[36morg.hibernate.type.BasicTypeRegistry    &amp#27;[0;39m &amp#27;[2m:&amp#27;[0;39m Adding type registration OffsetTimeWithTimezone -> org.hibernate.type.BasicTypeReference@4bcdd11
&amp#27;[2m2024-10-11T19:06:03.301-03:00&amp#27;[0;39m &amp#27;[32mDEBUG&amp#27;[0;39m &amp#27;[35m11888&amp#27;[0;39m &amp#27;[2m---&amp#27;[0;39m &amp#27;[2m[           main]&amp#27;[0;39m &amp#27;[2m&amp#27;[0;39m&amp#27;[36morg.hibernate.type.BasicTypeRegistry    &amp#27;[0;39m &amp#27;[2m:&amp#27;[0;39m Adding type registration OffsetTimeWithoutTimezone -> org.hibernate.type.BasicTypeReference@1471b98d
&amp#27;[2m2024-10-11T19:06:03.301-03:00&amp#27;[0;39m &amp#27;[32mDEBUG&amp#27;[0;39m &amp#27;[35m11888&amp#27;[0;39m &amp#27;[2m---&amp#27;[0;39m &amp#27;[2m[           main]&amp#27;[0;39m &amp#27;[2m&amp#27;[0;39m&amp#27;[36morg.hibernate.type.BasicTypeRegistry    &amp#27;[0;39m &amp#27;[2m:&amp#27;[0;39m Adding type registration ZonedDateTime -> org.hibernate.type.BasicTypeReference@5514579e
&amp#27;[2m2024-10-11T19:06:03.302-03:00&amp#27;[0;39m &amp#27;[32mDEBUG&amp#27;[0;39m &amp#27;[35m11888&amp#27;[0;39m &amp#27;[2m---&amp#27;[0;39m &amp#27;[2m[           main]&amp#27;[0;39m &amp#27;[2m&amp#27;[0;39m&amp#27;[36morg.hibernate.type.BasicTypeRegistry    &amp#27;[0;39m &amp#27;[2m:&amp#27;[0;39m Adding type registration java.time.ZonedDateTime -> org.hibernate.type.BasicTypeReference@5514579e
&amp#27;[2m2024-10-11T19:06:03.302-03:00&amp#27;[0;39m &amp#27;[32mDEBUG&amp#27;[0;39m &amp#27;[35m11888&amp#27;[0;39m &amp#27;[2m---&amp#27;[0;39m &amp#27;[2m[           main]&amp#27;[0;39m &amp#27;[2m&amp#27;[0;39m&amp#27;[36morg.hibernate.type.BasicTypeRegistry    &amp#27;[0;39m &amp#27;[2m:&amp#27;[0;39m Adding type registration ZonedDateTimeWithTimezone -> org.hibernate.type.BasicTypeReference@58c42c8c
&amp#27;[2m2024-10-11T19:06:03.302-03:00&amp#27;[0;39m &amp#27;[32mDEBUG&amp#27;[0;39m &amp#27;[35m11888&amp#27;[0;39m &amp#27;[2m---&amp#27;[0;39m &amp#27;[2m[           main]&amp#27;[0;39m &amp#27;[2m&amp#27;[0;39m&amp#27;[36morg.hibernate.type.BasicTypeRegistry    &amp#27;[0;39m &amp#27;[2m:&amp#27;[0;39m Adding type registration ZonedDateTimeWithoutTimezone -> org.hibernate.type.BasicTypeReference@3af236d0
&amp#27;[2m2024-10-11T19:06:03.302-03:00&amp#27;[0;39m &amp#27;[32mDEBUG&amp#27;[0;39m &amp#27;[35m11888&amp#27;[0;39m &amp#27;[2m---&amp#27;[0;39m &amp#27;[2m[           main]&amp#27;[0;39m &amp#27;[2m&amp#27;[0;39m&amp#27;[36morg.hibernate.type.BasicTypeRegistry    &amp#27;[0;39m &amp#27;[2m:&amp#27;[0;39m Adding type registration date -> org.hibernate.type.BasicTypeReference@23564dd2
&amp#27;[2m2024-10-11T19:06:03.302-03:00&amp#27;[0;39m &amp#27;[32mDEBUG&amp#27;[0;39m &amp#27;[35m11888&amp#27;[0;39m &amp#27;[2m---&amp#27;[0;39m &amp#27;[2m[           main]&amp#27;[0;39m &amp#27;[2m&amp#27;[0;39m&amp#27;[36morg.hibernate.type.BasicTypeRegistry    &amp#27;[0;39m &amp#27;[2m:&amp#27;[0;39m Adding type registration java.sql.Date -> org.hibernate.type.BasicTypeReference@23564dd2
&amp#27;[2m2024-10-11T19:06:03.302-03:00&amp#27;[0;39m &amp#27;[32mDEBUG&amp#27;[0;39m &amp#27;[35m11888&amp#27;[0;39m &amp#27;[2m---&amp#27;[0;39m &amp#27;[2m[           main]&amp#27;[0;39m &amp#27;[2m&amp#27;[0;39m&amp#27;[36morg.hibernate.type.BasicTypeRegistry    &amp#27;[0;39m &amp#27;[2m:&amp#27;[0;39m Adding type registration time -> org.hibernate.type.BasicTypeReference@54895681
&amp#27;[2m2024-10-11T19:06:03.302-03:00&amp#27;[0;39m &amp#27;[32mDEBUG&amp#27;[0;39m &amp#27;[35m11888&amp#27;[0;39m &amp#27;[2m---&amp#27;[0;39m &amp#27;[2m[           main]&amp#27;[0;39m &amp#27;[2m&amp#27;[0;39m&amp#27;[36morg.hibernate.type.BasicTypeRegistry    &amp#27;[0;39m &amp#27;[2m:&amp#27;[0;39m Adding type registration java.sql.Time -> org.hibernate.type.BasicTypeReference@54895681
&amp#27;[2m2024-10-11T19:06:03.302-03:00&amp#27;[0;39m &amp#27;[32mDEBUG&amp#27;[0;39m &amp#27;[35m11888&amp#27;[0;39m &amp#27;[2m---&amp#27;[0;39m &amp#27;[2m[           main]&amp#27;[0;39m &amp#27;[2m&amp#27;[0;39m&amp#27;[36morg.hibernate.type.BasicTypeRegistry    &amp#27;[0;39m &amp#27;[2m:&amp#27;[0;39m Adding type registration timestamp -> org.hibernate.type.BasicTypeReference@2dd0a0d0
&amp#27;[2m2024-10-11T19:06:03.302-03:00&amp#27;[0;39m &amp#27;[32mDEBUG&amp#27;[0;39m &amp#27;[35m11888&amp#27;[0;39m &amp#27;[2m---&amp#27;[0;39m &amp#27;[2m[           main]&amp#27;[0;39m &amp#27;[2m&amp#27;[0;39m&amp#27;[36morg.hibernate.type.BasicTypeRegistry    &amp#27;[0;39m &amp#27;[2m:&amp#27;[0;39m Adding type registration java.sql.Timestamp -> org.hibernate.type.BasicTypeReference@2dd0a0d0
&amp#27;[2m2024-10-11T19:06:03.302-03:00&amp#27;[0;39m &amp#27;[32mDEBUG&amp#27;[0;39m &amp#27;[35m11888&amp#27;[0;39m &amp#27;[2m---&amp#27;[0;39m &amp#27;[2m[           main]&amp#27;[0;39m &amp#27;[2m&amp#27;[0;39m&amp#27;[36morg.hibernate.type.BasicTypeRegistry    &amp#27;[0;39m &amp#27;[2m:&amp#27;[0;39m Adding type registration java.util.Date -> org.hibernate.type.BasicTypeReference@2dd0a0d0
&amp#27;[2m2024-10-11T19:06:03.302-03:00&amp#27;[0;39m &amp#27;[32mDEBUG&amp#27;[0;39m &amp#27;[35m11888&amp#27;[0;39m &amp#27;[2m---&amp#27;[0;39m &amp#27;[2m[           main]&amp#27;[0;39m &amp#27;[2m&amp#27;[0;39m&amp#27;[36morg.hibernate.type.BasicTypeRegistry    &amp#27;[0;39m &amp#27;[2m:&amp#27;[0;39m Adding type registration calendar -> org.hibernate.type.BasicTypeReference@6bf570c
&amp#27;[2m2024-10-11T19:06:03.302-03:00&amp#27;[0;39m &amp#27;[32mDEBUG&amp#27;[0;39m &amp#27;[35m11888&amp#27;[0;39m &amp#27;[2m---&amp#27;[0;39m &amp#27;[2m[           main]&amp#27;[0;39m &amp#27;[2m&amp#27;[0;39m&amp#27;[36morg.hibernate.type.BasicTypeRegistry    &amp#27;[0;39m &amp#27;[2m:&amp#27;[0;39m Adding type registration java.util.Calendar -> org.hibernate.type.BasicTypeReference@6bf570c
&amp#27;[2m2024-10-11T19:06:03.303-03:00&amp#27;[0;39m &amp#27;[32mDEBUG&amp#27;[0;39m &amp#27;[35m11888&amp#27;[0;39m &amp#27;[2m---&amp#27;[0;39m &amp#27;[2m[           main]&amp#27;[0;39m &amp#27;[2m&amp#27;[0;39m&amp#27;[36morg.hibernate.type.BasicTypeRegistry    &amp#27;[0;39m &amp#27;[2m:&amp#27;[0;39m Adding type registration java.util.GregorianCalendar -> org.hibernate.type.BasicTypeReference@6bf570c
&amp#27;[2m2024-10-11T19:06:03.303-03:00&amp#27;[0;39m &amp#27;[32mDEBUG&amp#27;[0;39m &amp#27;[35m11888&amp#27;[0;39m &amp#27;[2m---&amp#27;[0;39m &amp#27;[2m[           main]&amp#27;[0;39m &amp#27;[2m&amp#27;[0;39m&amp#27;[36morg.hibernate.type.BasicTypeRegistry    &amp#27;[0;39m &amp#27;[2m:&amp#27;[0;39m Adding type registration calendar_date -> org.hibernate.type.BasicTypeReference@1796b2d4
&amp#27;[2m2024-10-11T19:06:03.303-03:00&amp#27;[0;39m &amp#27;[32mDEBUG&amp#27;[0;39m &amp#27;[35m11888&amp#27;[0;39m &amp#27;[2m---&amp#27;[0;39m &amp#27;[2m[           main]&amp#27;[0;39m &amp#27;[2m&amp#27;[0;39m&amp#27;[36morg.hibernate.type.BasicTypeRegistry    &amp#27;[0;39m &amp#27;[2m:&amp#27;[0;39m Adding type registration calendar_time -> org.hibernate.type.BasicTypeReference@935d3f9
&amp#27;[2m2024-10-11T19:06:03.303-03:00&amp#27;[0;39m &amp#27;[32mDEBUG&amp#27;[0;39m &amp#27;[35m11888&amp#27;[0;39m &amp#27;[2m---&amp#27;[0;39m &amp#27;[2m[           main]&amp#27;[0;39m &amp#27;[2m&amp#27;[0;39m&amp#27;[36morg.hibernate.type.BasicTypeRegistry    &amp#27;[0;39m &amp#27;[2m:&amp#27;[0;39m Adding type registration instant -> org.hibernate.type.BasicTypeReference@214b342f
&amp#27;[2m2024-10-11T19:06:03.303-03:00&amp#27;[0;39m &amp#27;[32mDEBUG&amp#27;[0;39m &amp#27;[35m11888&amp#27;[0;39m &amp#27;[2m---&amp#27;[0;39m &amp#27;[2m[           main]&amp#27;[0;39m &amp#27;[2m&amp#27;[0;39m&amp#27;[36morg.hibernate.type.BasicTypeRegistry    &amp#27;[0;39m &amp#27;[2m:&amp#27;[0;39m Adding type registration java.time.Instant -> org.hibernate.type.BasicTypeReference@214b342f
&amp#27;[2m2024-10-11T19:06:03.303-03:00&amp#27;[0;39m &amp#27;[32mDEBUG&amp#27;[0;39m &amp#27;[35m11888&amp#27;[0;39m &amp#27;[2m---&amp#27;[0;39m &amp#27;[2m[           main]&amp#27;[0;39m &amp#27;[2m&amp#27;[0;39m&amp#27;[36morg.hibernate.type.BasicTypeRegistry    &amp#27;[0;39m &amp#27;[2m:&amp#27;[0;39m Adding type registration uuid -> org.hibernate.type.BasicTypeReference@5db0003d
&amp#27;[2m2024-10-11T19:06:03.303-03:00&amp#27;[0;39m &amp#27;[32mDEBUG&amp#27;[0;39m &amp#27;[35m11888&amp#27;[0;39m &amp#27;[2m---&amp#27;[0;39m &amp#27;[2m[           main]&amp#27;[0;39m &amp#27;[2m&amp#27;[0;39m&amp#27;[36morg.hibernate.type.BasicTypeRegistry    &amp#27;[0;39m &amp#27;[2m:&amp#27;[0;39m Adding type registration java.util.UUID -> org.hibernate.type.BasicTypeReference@5db0003d
&amp#27;[2m2024-10-11T19:06:03.303-03:00&amp#27;[0;39m &amp#27;[32mDEBUG&amp#27;[0;39m &amp#27;[35m11888&amp#27;[0;39m &amp#27;[2m---&amp#27;[0;39m &amp#27;[2m[           main]&amp#27;[0;39m &amp#27;[2m&amp#27;[0;39m&amp#27;[36morg.hibernate.type.BasicTypeRegistry    &amp#27;[0;39m &amp#27;[2m:&amp#27;[0;39m Adding type registration pg-uuid -> org.hibernate.type.BasicTypeReference@5db0003d
&amp#27;[2m2024-10-11T19:06:03.303-03:00&amp#27;[0;39m &amp#27;[32mDEBUG&amp#27;[0;39m &amp#27;[35m11888&amp#27;[0;39m &amp#27;[2m---&amp#27;[0;39m &amp#27;[2m[           main]&amp#27;[0;39m &amp#27;[2m&amp#27;[0;39m&amp#27;[36morg.hibernate.type.BasicTypeRegistry    &amp#27;[0;39m &amp#27;[2m:&amp#27;[0;39m Adding type registration uuid-binary -> org.hibernate.type.BasicTypeReference@7f12094d
&amp#27;[2m2024-10-11T19:06:03.303-03:00&amp#27;[0;39m &amp#27;[32mDEBUG&amp#27;[0;39m &amp#27;[35m11888&amp#27;[0;39m &amp#27;[2m---&amp#27;[0;39m &amp#27;[2m[           main]&amp#27;[0;39m &amp#27;[2m&amp#27;[0;39m&amp#27;[36morg.hibernate.type.BasicTypeRegistry    &amp#27;[0;39m &amp#27;[2m:&amp#27;[0;39m Adding type registration uuid-char -> org.hibernate.type.BasicTypeReference@589fb74d
&amp#27;[2m2024-10-11T19:06:03.304-03:00&amp#27;[0;39m &amp#27;[32mDEBUG&amp#27;[0;39m &amp#27;[35m11888&amp#27;[0;39m &amp#27;[2m---&amp#27;[0;39m &amp#27;[2m[           main]&amp#27;[0;39m &amp#27;[2m&amp#27;[0;39m&amp#27;[36morg.hibernate.type.BasicTypeRegistry    &amp#27;[0;39m &amp#27;[2m:&amp#27;[0;39m Adding type registration class -> org.hibernate.type.BasicTypeReference@200d1a3d
&amp#27;[2m2024-10-11T19:06:03.304-03:00&amp#27;[0;39m &amp#27;[32mDEBUG&amp#27;[0;39m &amp#27;[35m11888&amp#27;[0;39m &amp#27;[2m---&amp#27;[0;39m &amp#27;[2m[           main]&amp#27;[0;39m &amp#27;[2m&amp#27;[0;39m&amp#27;[36morg.hibernate.type.BasicTypeRegistry    &amp#27;[0;39m &amp#27;[2m:&amp#27;[0;39m Adding type registration java.lang.Class -> org.hibernate.type.BasicTypeReference@200d1a3d
&amp#27;[2m2024-10-11T19:06:03.304-03:00&amp#27;[0;39m &amp#27;[32mDEBUG&amp#27;[0;39m &amp#27;[35m11888&amp#27;[0;39m &amp#27;[2m---&amp#27;[0;39m &amp#27;[2m[           main]&amp#27;[0;39m &amp#27;[2m&amp#27;[0;39m&amp#27;[36morg.hibernate.type.BasicTypeRegistry    &amp#27;[0;39m &amp#27;[2m:&amp#27;[0;39m Adding type registration currency -> org.hibernate.type.BasicTypeReference@7de147e9
&amp#27;[2m2024-10-11T19:06:03.304-03:00&amp#27;[0;39m &amp#27;[32mDEBUG&amp#27;[0;39m &amp#27;[35m11888&amp#27;[0;39m &amp#27;[2m---&amp#27;[0;39m &amp#27;[2m[           main]&amp#27;[0;39m &amp#27;[2m&amp#27;[0;39m&amp#27;[36morg.hibernate.type.BasicTypeRegistry    &amp#27;[0;39m &amp#27;[2m:&amp#27;[0;39m Adding type registration Currency -> org.hibernate.type.BasicTypeReference@7de147e9
&amp#27;[2m2024-10-11T19:06:03.304-03:00&amp#27;[0;39m &amp#27;[32mDEBUG&amp#27;[0;39m &amp#27;[35m11888&amp#27;[0;39m &amp#27;[2m---&amp#27;[0;39m &amp#27;[2m[           main]&amp#27;[0;39m &amp#27;[2m&amp#27;[0;39m&amp#27;[36morg.hibernate.type.BasicTypeRegistry    &amp#27;[0;39m &amp#27;[2m:&amp#27;[0;39m Adding type registration java.util.Currency -> org.hibernate.type.BasicTypeReference@7de147e9
&amp#27;[2m2024-10-11T19:06:03.304-03:00&amp#27;[0;39m &amp#27;[32mDEBUG&amp#27;[0;39m &amp#27;[35m11888&amp#27;[0;39m &amp#27;[2m---&amp#27;[0;39m &amp#27;[2m[           main]&amp#27;[0;39m &amp#27;[2m&amp#27;[0;39m&amp#27;[36morg.hibernate.type.BasicTypeRegistry    &amp#27;[0;39m &amp#27;[2m:&amp#27;[0;39m Adding type registration locale -> org.hibernate.type.BasicTypeReference@12567179
&amp#27;[2m2024-10-11T19:06:03.304-03:00&amp#27;[0;39m &amp#27;[32mDEBUG&amp#27;[0;39m &amp#27;[35m11888&amp#27;[0;39m &amp#27;[2m---&amp#27;[0;39m &amp#27;[2m[           main]&amp#27;[0;39m &amp#27;[2m&amp#27;[0;39m&amp#27;[36morg.hibernate.type.BasicTypeRegistry    &amp#27;[0;39m &amp#27;[2m:&amp#27;[0;39m Adding type registration java.util.Locale -> org.hibernate.type.BasicTypeReference@12567179
&amp#27;[2m2024-10-11T19:06:03.304-03:00&amp#27;[0;39m &amp#27;[32mDEBUG&amp#27;[0;39m &amp#27;[35m11888&amp#27;[0;39m &amp#27;[2m---&amp#27;[0;39m &amp#27;[2m[           main]&amp#27;[0;39m &amp#27;[2m&amp#27;[0;39m&amp#27;[36morg.hibernate.type.BasicTypeRegistry    &amp#27;[0;39m &amp#27;[2m:&amp#27;[0;39m Adding type registration serializable -> org.hibernate.type.BasicTypeReference@37d699a1
&amp#27;[2m2024-10-11T19:06:03.304-03:00&amp#27;[0;39m &amp#27;[32mDEBUG&amp#27;[0;39m &amp#27;[35m11888&amp#27;[0;39m &amp#27;[2m---&amp#27;[0;39m &amp#27;[2m[           main]&amp#27;[0;39m &amp#27;[2m&amp#27;[0;39m&amp#27;[36morg.hibernate.type.BasicTypeRegistry    &amp#27;[0;39m &amp#27;[2m:&amp#27;[0;39m Adding type registration java.io.Serializable -> org.hibernate.type.BasicTypeReference@37d699a1
&amp#27;[2m2024-10-11T19:06:03.305-03:00&amp#27;[0;39m &amp#27;[32mDEBUG&amp#27;[0;39m &amp#27;[35m11888&amp#27;[0;39m &amp#27;[2m---&amp#27;[0;39m &amp#27;[2m[           main]&amp#27;[0;39m &amp#27;[2m&amp#27;[0;39m&amp#27;[36morg.hibernate.type.BasicTypeRegistry    &amp#27;[0;39m &amp#27;[2m:&amp#27;[0;39m Adding type registration timezone -> org.hibernate.type.BasicTypeReference@7f42b194
&amp#27;[2m2024-10-11T19:06:03.305-03:00&amp#27;[0;39m &amp#27;[32mDEBUG&amp#27;[0;39m &amp#27;[35m11888&amp#27;[0;39m &amp#27;[2m---&amp#27;[0;39m &amp#27;[2m[           main]&amp#27;[0;39m &amp#27;[2m&amp#27;[0;39m&amp#27;[36morg.hibernate.type.BasicTypeRegistry    &amp#27;[0;39m &amp#27;[2m:&amp#27;[0;39m Adding type registration java.util.TimeZone -> org.hibernate.type.BasicTypeReference@7f42b194
&amp#27;[2m2024-10-11T19:06:03.305-03:00&amp#27;[0;39m &amp#27;[32mDEBUG&amp#27;[0;39m &amp#27;[35m11888&amp#27;[0;39m &amp#27;[2m---&amp#27;[0;39m &amp#27;[2m[           main]&amp#27;[0;39m &amp#27;[2m&amp#27;[0;39m&amp#27;[36morg.hibernate.type.BasicTypeRegistry    &amp#27;[0;39m &amp#27;[2m:&amp#27;[0;39m Adding type registration ZoneOffset -> org.hibernate.type.BasicTypeReference@8eb6f9a
&amp#27;[2m2024-10-11T19:06:03.305-03:00&amp#27;[0;39m &amp#27;[32mDEBUG&amp#27;[0;39m &amp#27;[35m11888&amp#27;[0;39m &amp#27;[2m---&amp#27;[0;39m &amp#27;[2m[           main]&amp#27;[0;39m &amp#27;[2m&amp#27;[0;39m&amp#27;[36morg.hibernate.type.BasicTypeRegistry    &amp#27;[0;39m &amp#27;[2m:&amp#27;[0;39m Adding type registration java.time.ZoneOffset -> org.hibernate.type.BasicTypeReference@8eb6f9a
&amp#27;[2m2024-10-11T19:06:03.305-03:00&amp#27;[0;39m &amp#27;[32mDEBUG&amp#27;[0;39m &amp#27;[35m11888&amp#27;[0;39m &amp#27;[2m---&amp#27;[0;39m &amp#27;[2m[           main]&amp#27;[0;39m &amp#27;[2m&amp#27;[0;39m&amp#27;[36morg.hibernate.type.BasicTypeRegistry    &amp#27;[0;39m &amp#27;[2m:&amp#27;[0;39m Adding type registration url -> org.hibernate.type.BasicTypeReference@29170a47
&amp#27;[2m2024-10-11T19:06:03.305-03:00&amp#27;[0;39m &amp#27;[32mDEBUG&amp#27;[0;39m &amp#27;[35m11888&amp#27;[0;39m &amp#27;[2m---&amp#27;[0;39m &amp#27;[2m[           main]&amp#27;[0;39m &amp#27;[2m&amp#27;[0;39m&amp#27;[36morg.hibernate.type.BasicTypeRegistry    &amp#27;[0;39m &amp#27;[2m:&amp#27;[0;39m Adding type registration java.net.URL -> org.hibernate.type.BasicTypeReference@29170a47
&amp#27;[2m2024-10-11T19:06:03.305-03:00&amp#27;[0;39m &amp#27;[32mDEBUG&amp#27;[0;39m &amp#27;[35m11888&amp#27;[0;39m &amp#27;[2m---&amp#27;[0;39m &amp#27;[2m[           main]&amp#27;[0;39m &amp#27;[2m&amp#27;[0;39m&amp#27;[36morg.hibernate.type.BasicTypeRegistry    &amp#27;[0;39m &amp#27;[2m:&amp#27;[0;39m Adding type registration vector -> org.hibernate.type.BasicTypeReference@2a8f8555
&amp#27;[2m2024-10-11T19:06:03.305-03:00&amp#27;[0;39m &amp#27;[32mDEBUG&amp#27;[0;39m &amp#27;[35m11888&amp#27;[0;39m &amp#27;[2m---&amp#27;[0;39m &amp#27;[2m[           main]&amp#27;[0;39m &amp#27;[2m&amp#27;[0;39m&amp#27;[36morg.hibernate.type.BasicTypeRegistry    &amp#27;[0;39m &amp#27;[2m:&amp#27;[0;39m Adding type registration row_version -> org.hibernate.type.BasicTypeReference@402b4f81
&amp#27;[2m2024-10-11T19:06:03.311-03:00&amp#27;[0;39m &amp#27;[32mDEBUG&amp#27;[0;39m &amp#27;[35m11888&amp#27;[0;39m &amp#27;[2m---&amp#27;[0;39m &amp#27;[2m[           main]&amp#27;[0;39m &amp#27;[2m&amp#27;[0;39m&amp#27;[36morg.hibernate.type.BasicTypeRegistry    &amp#27;[0;39m &amp#27;[2m:&amp#27;[0;39m Adding type registration object -> org.hibernate.type.JavaObjectType@1ab53860
&amp#27;[2m2024-10-11T19:06:03.312-03:00&amp#27;[0;39m &amp#27;[32mDEBUG&amp#27;[0;39m &amp#27;[35m11888&amp#27;[0;39m &amp#27;[2m---&amp#27;[0;39m &amp#27;[2m[           main]&amp#27;[0;39m &amp#27;[2m&amp#27;[0;39m&amp#27;[36morg.hibernate.type.BasicTypeRegistry    &amp#27;[0;39m &amp#27;[2m:&amp#27;[0;39m Adding type registration java.lang.Object -> org.hibernate.type.JavaObjectType@1ab53860
&amp#27;[2m2024-10-11T19:06:03.314-03:00&amp#27;[0;39m &amp#27;[32mDEBUG&amp#27;[0;39m &amp#27;[35m11888&amp#27;[0;39m &amp#27;[2m---&amp#27;[0;39m &amp#27;[2m[           main]&amp#27;[0;39m &amp#27;[2m&amp#27;[0;39m&amp#27;[36morg.hibernate.type.BasicTypeRegistry    &amp#27;[0;39m &amp#27;[2m:&amp#27;[0;39m Adding type registration null -> org.hibernate.type.NullType@7b95bdb0
&amp#27;[2m2024-10-11T19:06:03.315-03:00&amp#27;[0;39m &amp#27;[32mDEBUG&amp#27;[0;39m &amp#27;[35m11888&amp#27;[0;39m &amp#27;[2m---&amp#27;[0;39m &amp#27;[2m[           main]&amp#27;[0;39m &amp#27;[2m&amp#27;[0;39m&amp#27;[36morg.hibernate.type.BasicTypeRegistry    &amp#27;[0;39m &amp#27;[2m:&amp#27;[0;39m Adding type registration imm_date -> org.hibernate.type.BasicTypeReference@3f0ce0d1
&amp#27;[2m2024-10-11T19:06:03.315-03:00&amp#27;[0;39m &amp#27;[32mDEBUG&amp#27;[0;39m &amp#27;[35m11888&amp#27;[0;39m &amp#27;[2m---&amp#27;[0;39m &amp#27;[2m[           main]&amp#27;[0;39m &amp#27;[2m&amp#27;[0;39m&amp#27;[36morg.hibernate.type.BasicTypeRegistry    &amp#27;[0;39m &amp#27;[2m:&amp#27;[0;39m Adding type registration imm_time -> org.hibernate.type.BasicTypeReference@1491cd6c
&amp#27;[2m2024-10-11T19:06:03.315-03:00&amp#27;[0;39m &amp#27;[32mDEBUG&amp#27;[0;39m &amp#27;[35m11888&amp#27;[0;39m &amp#27;[2m---&amp#27;[0;39m &amp#27;[2m[           main]&amp#27;[0;39m &amp#27;[2m&amp#27;[0;39m&amp#27;[36morg.hibernate.type.BasicTypeRegistry    &amp#27;[0;39m &amp#27;[2m:&amp#27;[0;39m Adding type registration imm_timestamp -> org.hibernate.type.BasicTypeReference@423f8a73
&amp#27;[2m2024-10-11T19:06:03.315-03:00&amp#27;[0;39m &amp#27;[32mDEBUG&amp#27;[0;39m &amp#27;[35m11888&amp#27;[0;39m &amp#27;[2m---&amp#27;[0;39m &amp#27;[2m[           main]&amp#27;[0;39m &amp#27;[2m&amp#27;[0;39m&amp#27;[36morg.hibernate.type.BasicTypeRegistry    &amp#27;[0;39m &amp#27;[2m:&amp#27;[0;39m Adding type registration imm_calendar -> org.hibernate.type.BasicTypeReference@1aedf08d
&amp#27;[2m2024-10-11T19:06:03.315-03:00&amp#27;[0;39m &amp#27;[32mDEBUG&amp#27;[0;39m &amp#27;[35m11888&amp#27;[0;39m &amp#27;[2m---&amp#27;[0;39m &amp#27;[2m[           main]&amp#27;[0;39m &amp#27;[2m&amp#27;[0;39m&amp#27;[36morg.hibernate.type.BasicTypeRegistry    &amp#27;[0;39m &amp#27;[2m:&amp#27;[0;39m Adding type registration imm_calendar_date -> org.hibernate.type.BasicTypeReference@113dcaf8
&amp#27;[2m2024-10-11T19:06:03.316-03:00&amp#27;[0;39m &amp#27;[32mDEBUG&amp#27;[0;39m &amp#27;[35m11888&amp#27;[0;39m &amp#27;[2m---&amp#27;[0;39m &amp#27;[2m[           main]&amp#27;[0;39m &amp#27;[2m&amp#27;[0;39m&amp#27;[36morg.hibernate.type.BasicTypeRegistry    &amp#27;[0;39m &amp#27;[2m:&amp#27;[0;39m Adding type registration imm_calendar_time -> org.hibernate.type.BasicTypeReference@b5d9f1e
&amp#27;[2m2024-10-11T19:06:03.316-03:00&amp#27;[0;39m &amp#27;[32mDEBUG&amp#27;[0;39m &amp#27;[35m11888&amp#27;[0;39m &amp#27;[2m---&amp#27;[0;39m &amp#27;[2m[           main]&amp#27;[0;39m &amp#27;[2m&amp#27;[0;39m&amp#27;[36morg.hibernate.type.BasicTypeRegistry    &amp#27;[0;39m &amp#27;[2m:&amp#27;[0;39m Adding type registration imm_binary -> org.hibernate.type.BasicTypeReference@350ff014
&amp#27;[2m2024-10-11T19:06:03.316-03:00&amp#27;[0;39m &amp#27;[32mDEBUG&amp#27;[0;39m &amp#27;[35m11888&amp#27;[0;39m &amp#27;[2m---&amp#27;[0;39m &amp#27;[2m[           main]&amp#27;[0;39m &amp#27;[2m&amp#27;[0;39m&amp#27;[36morg.hibernate.type.BasicTypeRegistry    &amp#27;[0;39m &amp#27;[2m:&amp#27;[0;39m Adding type registration imm_serializable -> org.hibernate.type.BasicTypeReference@401317a0
&amp#27;[2m2024-10-11T19:06:03.702-03:00&amp#27;[0;39m &amp#27;[32m INFO&amp#27;[0;39m &amp#27;[35m11888&amp#27;[0;39m &amp#27;[2m---&amp#27;[0;39m &amp#27;[2m[           main]&amp#27;[0;39m &amp#27;[2m&amp#27;[0;39m&amp#27;[36mo.s.o.j.p.SpringPersistenceUnitInfo     &amp#27;[0;39m &amp#27;[2m:&amp#27;[0;39m No LoadTimeWeaver setup: ignoring JPA class transformer
&amp#27;[2m2024-10-11T19:06:03.754-03:00&amp#27;[0;39m &amp#27;[32m INFO&amp#27;[0;39m &amp#27;[35m11888&amp#27;[0;39m &amp#27;[2m---&amp#27;[0;39m &amp#27;[2m[           main]&amp#27;[0;39m &amp#27;[2m&amp#27;[0;39m&amp#27;[36mcom.zaxxer.hikari.HikariDataSource      &amp#27;[0;39m &amp#27;[2m:&amp#27;[0;39m HikariPool-1 - Starting...
&amp#27;[2m2024-10-11T19:06:04.585-03:00&amp#27;[0;39m &amp#27;[32m INFO&amp#27;[0;39m &amp#27;[35m11888&amp#27;[0;39m &amp#27;[2m---&amp#27;[0;39m &amp#27;[2m[           main]&amp#27;[0;39m &amp#27;[2m&amp#27;[0;39m&amp#27;[36mcom.zaxxer.hikari.pool.HikariPool       &amp#27;[0;39m &amp#27;[2m:&amp#27;[0;39m HikariPool-1 - Added connection org.postgresql.jdbc.PgConnection@29aa4bc9
&amp#27;[2m2024-10-11T19:06:04.587-03:00&amp#27;[0;39m &amp#27;[32m INFO&amp#27;[0;39m &amp#27;[35m11888&amp#27;[0;39m &amp#27;[2m---&amp#27;[0;39m &amp#27;[2m[           main]&amp#27;[0;39m &amp#27;[2m&amp#27;[0;39m&amp#27;[36mcom.zaxxer.hikari.HikariDataSource      &amp#27;[0;39m &amp#27;[2m:&amp#27;[0;39m HikariPool-1 - Start completed.
&amp#27;[2m2024-10-11T19:06:04.775-03:00&amp#27;[0;39m &amp#27;[33m WARN&amp#27;[0;39m &amp#27;[35m11888&amp#27;[0;39m &amp#27;[2m---&amp#27;[0;39m &amp#27;[2m[           main]&amp#27;[0;39m &amp#27;[2m&amp#27;[0;39m&amp#27;[36morg.hibernate.orm.deprecation           &amp#27;[0;39m &amp#27;[2m:&amp#27;[0;39m HHH90000025: PostgreSQLDialect does not need to be specified explicitly using 'hibernate.dialect' (remove the property setting and it will be selected by default)
&amp#27;[2m2024-10-11T19:06:04.816-03:00&amp#27;[0;39m &amp#27;[32mDEBUG&amp#27;[0;39m &amp#27;[35m11888&amp#27;[0;39m &amp#27;[2m---&amp#27;[0;39m &amp#27;[2m[           main]&amp#27;[0;39m &amp#27;[2m&amp#27;[0;39m&amp#27;[36mo.h.t.d.sql.spi.DdlTypeRegistry         &amp#27;[0;39m &amp#27;[2m:&amp#27;[0;39m addDescriptor(2003, org.hibernate.type.descriptor.sql.internal.ArrayDdlTypeImpl@5bde6148) replaced previous registration(org.hibernate.type.descriptor.sql.internal.ArrayDdlTypeImpl@3cead673)
&amp#27;[2m2024-10-11T19:06:04.816-03:00&amp#27;[0;39m &amp#27;[32mDEBUG&amp#27;[0;39m &amp#27;[35m11888&amp#27;[0;39m &amp#27;[2m---&amp#27;[0;39m &amp#27;[2m[           main]&amp#27;[0;39m &amp#27;[2m&amp#27;[0;39m&amp#27;[36mo.h.t.d.sql.spi.DdlTypeRegistry         &amp#27;[0;39m &amp#27;[2m:&amp#27;[0;39m addDescriptor(6, org.hibernate.type.descriptor.sql.internal.CapacityDependentDdlType@53ba25ff) replaced previous registration(org.hibernate.type.descriptor.sql.internal.DdlTypeImpl@10a0a1e)
&amp#27;[2m2024-10-11T19:06:04.821-03:00&amp#27;[0;39m &amp#27;[32mDEBUG&amp#27;[0;39m &amp#27;[35m11888&amp#27;[0;39m &amp#27;[2m---&amp#27;[0;39m &amp#27;[2m[           main]&amp#27;[0;39m &amp#27;[2m&amp#27;[0;39m&amp#27;[36mo.h.t.d.jdbc.spi.JdbcTypeRegistry       &amp#27;[0;39m &amp#27;[2m:&amp#27;[0;39m addDescriptor(2004, BlobTypeDescriptor(BLOB_BINDING)) replaced previous registration(BlobTypeDescriptor(DEFAULT))
&amp#27;[2m2024-10-11T19:06:04.822-03:00&amp#27;[0;39m &amp#27;[32mDEBUG&amp#27;[0;39m &amp#27;[35m11888&amp#27;[0;39m &amp#27;[2m---&amp#27;[0;39m &amp#27;[2m[           main]&amp#27;[0;39m &amp#27;[2m&amp#27;[0;39m&amp#27;[36mo.h.t.d.jdbc.spi.JdbcTypeRegistry       &amp#27;[0;39m &amp#27;[2m:&amp#27;[0;39m addDescriptor(2005, ClobTypeDescriptor(CLOB_BINDING)) replaced previous registration(ClobTypeDescriptor(DEFAULT))
&amp#27;[2m2024-10-11T19:06:04.834-03:00&amp#27;[0;39m &amp#27;[32mDEBUG&amp#27;[0;39m &amp#27;[35m11888&amp#27;[0;39m &amp#27;[2m---&amp#27;[0;39m &amp#27;[2m[           main]&amp#27;[0;39m &amp#27;[2m&amp#27;[0;39m&amp#27;[36morg.hibernate.type.BasicTypeRegistry    &amp#27;[0;39m &amp#27;[2m:&amp#27;[0;39m Adding type registration JAVA_OBJECT -> org.hibernate.type.JavaObjectType@2152fde5
&amp#27;[2m2024-10-11T19:06:04.834-03:00&amp#27;[0;39m &amp#27;[32mDEBUG&amp#27;[0;39m &amp#27;[35m11888&amp#27;[0;39m &amp#27;[2m---&amp#27;[0;39m &amp#27;[2m[           main]&amp#27;[0;39m &amp#27;[2m&amp#27;[0;39m&amp#27;[36morg.hibernate.type.BasicTypeRegistry    &amp#27;[0;39m &amp#27;[2m:&amp#27;[0;39m Adding type registration java.lang.Object -> org.hibernate.type.JavaObjectType@2152fde5
&amp#27;[2m2024-10-11T19:06:04.834-03:00&amp#27;[0;39m &amp#27;[32mDEBUG&amp#27;[0;39m &amp#27;[35m11888&amp#27;[0;39m &amp#27;[2m---&amp#27;[0;39m &amp#27;[2m[           main]&amp#27;[0;39m &amp#27;[2m&amp#27;[0;39m&amp#27;[36morg.hibernate.type.BasicTypeRegistry    &amp#27;[0;39m &amp#27;[2m:&amp#27;[0;39m Type registration key [java.lang.Object] overrode previous entry : `org.hibernate.type.JavaObjectType@1ab53860`
&amp#27;[2m2024-10-11T19:06:04.840-03:00&amp#27;[0;39m &amp#27;[32mDEBUG&amp#27;[0;39m &amp#27;[35m11888&amp#27;[0;39m &amp#27;[2m---&amp#27;[0;39m &amp#27;[2m[           main]&amp#27;[0;39m &amp#27;[2m&amp#27;[0;39m&amp#27;[36morg.hibernate.type.BasicTypeRegistry    &amp#27;[0;39m &amp#27;[2m:&amp#27;[0;39m Adding type registration org.hibernate.type.DurationType -> basicType@1(java.time.Duration,3015)
&amp#27;[2m2024-10-11T19:06:04.840-03:00&amp#27;[0;39m &amp#27;[32mDEBUG&amp#27;[0;39m &amp#27;[35m11888&amp#27;[0;39m &amp#27;[2m---&amp#27;[0;39m &amp#27;[2m[           main]&amp#27;[0;39m &amp#27;[2m&amp#27;[0;39m&amp#27;[36morg.hibernate.type.BasicTypeRegistry    &amp#27;[0;39m &amp#27;[2m:&amp#27;[0;39m Adding type registration Duration -> basicType@1(java.time.Duration,3015)
&amp#27;[2m2024-10-11T19:06:04.840-03:00&amp#27;[0;39m &amp#27;[32mDEBUG&amp#27;[0;39m &amp#27;[35m11888&amp#27;[0;39m &amp#27;[2m---&amp#27;[0;39m &amp#27;[2m[           main]&amp#27;[0;39m &amp#27;[2m&amp#27;[0;39m&amp#27;[36morg.hibernate.type.BasicTypeRegistry    &amp#27;[0;39m &amp#27;[2m:&amp#27;[0;39m Adding type registration java.time.Duration -> basicType@1(java.time.Duration,3015)
&amp#27;[2m2024-10-11T19:06:04.846-03:00&amp#27;[0;39m &amp#27;[32mDEBUG&amp#27;[0;39m &amp#27;[35m11888&amp#27;[0;39m &amp#27;[2m---&amp#27;[0;39m &amp#27;[2m[           main]&amp#27;[0;39m &amp#27;[2m&amp#27;[0;39m&amp#27;[36morg.hibernate.type.BasicTypeRegistry    &amp#27;[0;39m &amp#27;[2m:&amp#27;[0;39m Adding type registration org.hibernate.type.OffsetDateTimeType -> basicType@2(java.time.OffsetDateTime,3003)
&amp#27;[2m2024-10-11T19:06:04.846-03:00&amp#27;[0;39m &amp#27;[32mDEBUG&amp#27;[0;39m &amp#27;[35m11888&amp#27;[0;39m &amp#27;[2m---&amp#27;[0;39m &amp#27;[2m[           main]&amp#27;[0;39m &amp#27;[2m&amp#27;[0;39m&amp#27;[36morg.hibernate.type.BasicTypeRegistry    &amp#27;[0;39m &amp#27;[2m:&amp#27;[0;39m Adding type registration OffsetDateTime -> basicType@2(java.time.OffsetDateTime,3003)
&amp#27;[2m2024-10-11T19:06:04.846-03:00&amp#27;[0;39m &amp#27;[32mDEBUG&amp#27;[0;39m &amp#27;[35m11888&amp#27;[0;39m &amp#27;[2m---&amp#27;[0;39m &amp#27;[2m[           main]&amp#27;[0;39m &amp#27;[2m&amp#27;[0;39m&amp#27;[36morg.hibernate.type.BasicTypeRegistry    &amp#27;[0;39m &amp#27;[2m:&amp#27;[0;39m Adding type registration java.time.OffsetDateTime -> basicType@2(java.time.OffsetDateTime,3003)
&amp#27;[2m2024-10-11T19:06:04.846-03:00&amp#27;[0;39m &amp#27;[32mDEBUG&amp#27;[0;39m &amp#27;[35m11888&amp#27;[0;39m &amp#27;[2m---&amp#27;[0;39m &amp#27;[2m[           main]&amp#27;[0;39m &amp#27;[2m&amp#27;[0;39m&amp#27;[36morg.hibernate.type.BasicTypeRegistry    &amp#27;[0;39m &amp#27;[2m:&amp#27;[0;39m Adding type registration org.hibernate.type.ZonedDateTimeType -> basicType@3(java.time.ZonedDateTime,3003)
&amp#27;[2m2024-10-11T19:06:04.846-03:00&amp#27;[0;39m &amp#27;[32mDEBUG&amp#27;[0;39m &amp#27;[35m11888&amp#27;[0;39m &amp#27;[2m---&amp#27;[0;39m &amp#27;[2m[           main]&amp#27;[0;39m &amp#27;[2m&amp#27;[0;39m&amp#27;[36morg.hibernate.type.BasicTypeRegistry    &amp#27;[0;39m &amp#27;[2m:&amp#27;[0;39m Adding type registration ZonedDateTime -> basicType@3(java.time.ZonedDateTime,3003)
&amp#27;[2m2024-10-11T19:06:04.846-03:00&amp#27;[0;39m &amp#27;[32mDEBUG&amp#27;[0;39m &amp#27;[35m11888&amp#27;[0;39m &amp#27;[2m---&amp#27;[0;39m &amp#27;[2m[           main]&amp#27;[0;39m &amp#27;[2m&amp#27;[0;39m&amp#27;[36morg.hibernate.type.BasicTypeRegistry    &amp#27;[0;39m &amp#27;[2m:&amp#27;[0;39m Adding type registration java.time.ZonedDateTime -> basicType@3(java.time.ZonedDateTime,3003)
&amp#27;[2m2024-10-11T19:06:04.848-03:00&amp#27;[0;39m &amp#27;[32mDEBUG&amp#27;[0;39m &amp#27;[35m11888&amp#27;[0;39m &amp#27;[2m---&amp#27;[0;39m &amp#27;[2m[           main]&amp#27;[0;39m &amp#27;[2m&amp#27;[0;39m&amp#27;[36morg.hibernate.type.BasicTypeRegistry    &amp#27;[0;39m &amp#27;[2m:&amp#27;[0;39m Adding type registration org.hibernate.type.OffsetTimeType -> basicType@4(java.time.OffsetTime,3007)
&amp#27;[2m2024-10-11T19:06:04.848-03:00&amp#27;[0;39m &amp#27;[32mDEBUG&amp#27;[0;39m &amp#27;[35m11888&amp#27;[0;39m &amp#27;[2m---&amp#27;[0;39m &amp#27;[2m[           main]&amp#27;[0;39m &amp#27;[2m&amp#27;[0;39m&amp#27;[36morg.hibernate.type.BasicTypeRegistry    &amp#27;[0;39m &amp#27;[2m:&amp#27;[0;39m Adding type registration OffsetTime -> basicType@4(java.time.OffsetTime,3007)
&amp#27;[2m2024-10-11T19:06:04.848-03:00&amp#27;[0;39m &amp#27;[32mDEBUG&amp#27;[0;39m &amp#27;[35m11888&amp#27;[0;39m &amp#27;[2m---&amp#27;[0;39m &amp#27;[2m[           main]&amp#27;[0;39m &amp#27;[2m&amp#27;[0;39m&amp#27;[36morg.hibernate.type.BasicTypeRegistry    &amp#27;[0;39m &amp#27;[2m:&amp#27;[0;39m Adding type registration java.time.OffsetTime -> basicType@4(java.time.OffsetTime,3007)
&amp#27;[2m2024-10-11T19:06:04.850-03:00&amp#27;[0;39m &amp#27;[32mDEBUG&amp#27;[0;39m &amp#27;[35m11888&amp#27;[0;39m &amp#27;[2m---&amp#27;[0;39m &amp#27;[2m[           main]&amp#27;[0;39m &amp#27;[2m&amp#27;[0;39m&amp#27;[36mo.h.type.spi.TypeConfiguration$Scope    &amp#27;[0;39m &amp#27;[2m:&amp#27;[0;39m Scoping TypeConfiguration [org.hibernate.type.spi.TypeConfiguration@4eac65db] to MetadataBuildingContext [org.hibernate.boot.internal.MetadataBuildingContextRootImpl@dde6f87]
&amp#27;[2m2024-10-11T19:06:05.990-03:00&amp#27;[0;39m &amp#27;[32m INFO&amp#27;[0;39m &amp#27;[35m11888&amp#27;[0;39m &amp#27;[2m---&amp#27;[0;39m &amp#27;[2m[           main]&amp#27;[0;39m &amp#27;[2m&amp#27;[0;39m&amp#27;[36mo.h.e.t.j.p.i.JtaPlatformInitiator      &amp#27;[0;39m &amp#27;[2m:&amp#27;[0;39m HHH000489: No JTA platform available (set 'hibernate.transaction.jta.platform' to enable JTA platform integration)
&amp#27;[2m2024-10-11T19:06:05.991-03:00&amp#27;[0;39m &amp#27;[32mDEBUG&amp#27;[0;39m &amp#27;[35m11888&amp#27;[0;39m &amp#27;[2m---&amp#27;[0;39m &amp#27;[2m[           main]&amp#27;[0;39m &amp#27;[2m&amp#27;[0;39m&amp#27;[36mo.h.type.spi.TypeConfiguration$Scope    &amp#27;[0;39m &amp#27;[2m:&amp#27;[0;39m Scoping TypeConfiguration [org.hibernate.type.spi.TypeConfiguration@4eac65db] to SessionFactoryImplementor [org.hibernate.internal.SessionFactoryImpl@62264d4f]
Hibernate: create table "itens-pedido" (id integer not null, qtde_item integer, val_unidade float(53), primary key (id))
Hibernate: create table pedido (id integer not null, dat_pedido timestamp(6), nro_pedido bigint, primary key (id))
Hibernate: create table produto (id integer not null, des_pro varchar(255), qtde_produto integer, var_produto float(53), primary key (id))
Hibernate: create sequence "itens-pedido_seq" start with 1 increment by 50
Hibernate: create sequence pedido_seq start with 1 increment by 50
Hibernate: create sequence produto_seq start with 1 increment by 50
&amp#27;[2m2024-10-11T19:06:06.382-03:00&amp#27;[0;39m &amp#27;[32mTRACE&amp#27;[0;39m &amp#27;[35m11888&amp#27;[0;39m &amp#27;[2m---&amp#27;[0;39m &amp#27;[2m[           main]&amp#27;[0;39m &amp#27;[2m&amp#27;[0;39m&amp#27;[36mo.h.type.spi.TypeConfiguration$Scope    &amp#27;[0;39m &amp#27;[2m:&amp#27;[0;39m Handling #sessionFactoryCreated from [org.hibernate.internal.SessionFactoryImpl@62264d4f] for TypeConfiguration
&amp#27;[2m2024-10-11T19:06:06.382-03:00&amp#27;[0;39m &amp#27;[32m INFO&amp#27;[0;39m &amp#27;[35m11888&amp#27;[0;39m &amp#27;[2m---&amp#27;[0;39m &amp#27;[2m[           main]&amp#27;[0;39m &amp#27;[2m&amp#27;[0;39m&amp#27;[36mj.LocalContainerEntityManagerFactoryBean&amp#27;[0;39m &amp#27;[2m:&amp#27;[0;39m Initialized JPA EntityManagerFactory for persistence unit 'default'
&amp#27;[2m2024-10-11T19:06:07.870-03:00&amp#27;[0;39m &amp#27;[32m INFO&amp#27;[0;39m &amp#27;[35m11888&amp#27;[0;39m &amp#27;[2m---&amp#27;[0;39m &amp#27;[2m[           main]&amp#27;[0;39m &amp#27;[2m&amp#27;[0;39m&amp#27;[36mc.s.n.e.ExercicioApplicationTests       &amp#27;[0;39m &amp#27;[2m:&amp#27;[0;39m Started ExercicioApplicationTests in 7.145 seconds (process running for 9.128)
]]></system-out>
    <system-err><![CDATA[WARNING: A Java agent has been loaded dynamically (C:\Users\Aluno\.m2\repository\net\bytebuddy\byte-buddy-agent\1.14.19\byte-buddy-agent-1.14.19.jar)
WARNING: If a serviceability tool is in use, please run with -XX:+EnableDynamicAgentLoading to hide this warning
WARNING: If a serviceability tool is not in use, please run with -Djdk.instrument.traceUsage for more information
WARNING: Dynamic loading of agents will be disallowed by default in a future release
]]></system-err>
  </testcase>
</testsuite>